<?xml version="1.0" encoding="UTF-8"?>
<robot generator="Robot 4.0.3 (Python 3.9.6 on win32)" generated="20210711 21:35:03.205" rpa="false" schemaversion="2">
<suite id="s1" name="Desafio Mobile" source="C:\Users\Vinicius\Documents\projetos\PrimeExperts_junho_28_2021\desafio_mobile\desafio_mobile.robot">
<kw name="Abrir o aplicativo no celular" library="desafio_resource" type="SETUP">
<kw name="Open Application" library="AppiumLibrary">
<arg>${REMOTE_URL}</arg>
<arg>platformName=${PLATFORM_NAME}</arg>
<arg>platformVersion=${PLATFORM_VERSION}</arg>
<arg>deviceName=${DEVICE_NAME}</arg>
<arg>appPackage=${APP_PACKAGE}</arg>
<arg>appActivity=${APP_ACTIVITY}</arg>
<arg>automationName=${AUTOMATION_NAME}</arg>
<doc>Opens a new application to given Appium server.
Capabilities of appium server, Android and iOS,
Please check https://github.com/appium/appium/blob/master/docs/en/writing-running-appium/server-args.md
| *Option*            | *Man.* | *Description*     |
| remote_url          | Yes    | Appium server url |
| alias               | no     | alias             |</doc>
<kw name="Capture Page Screenshot" library="AppiumLibrary">
<doc>Takes a screenshot of the current page and embeds it into the log.</doc>
<msg timestamp="20210711 21:35:21.921" level="FAIL">No application is open</msg>
<status status="FAIL" starttime="20210711 21:35:21.887" endtime="20210711 21:35:21.922"/>
</kw>
<msg timestamp="20210711 21:35:21.932" level="WARN">Keyword 'Capture Page Screenshot' could not be run on failure: No application is open</msg>
<msg timestamp="20210711 21:35:21.963" level="FAIL">WebDriverException: Message: An unknown server-side error occurred while processing the command. Original error: Could not proxy command to the remote server. Original error: socket hang up
</msg>
<status status="FAIL" starttime="20210711 21:35:03.816" endtime="20210711 21:35:21.963"/>
</kw>
<status status="FAIL" starttime="20210711 21:35:03.816" endtime="20210711 21:35:21.964"/>
</kw>
<test id="s1-t1" name="Caso de Teste 02: Logar no YouTube">
<status status="FAIL" starttime="20210711 21:35:21.964" endtime="20210711 21:35:21.975">Parent suite setup failed:
WebDriverException: Message: An unknown server-side error occurred while processing the command. Original error: Could not proxy command to the remote server. Original error: socket hang up
</status>
</test>
<doc>arquivo responsavel pelos testing do mobile</doc>
<status status="FAIL" starttime="20210711 21:35:03.210" endtime="20210711 21:35:21.977">Suite setup failed:
WebDriverException: Message: An unknown server-side error occurred while processing the command. Original error: Could not proxy command to the remote server. Original error: socket hang up
</status>
</suite>
<statistics>
<total>
<stat pass="0" fail="1" skip="0">All Tests</stat>
</total>
<tag>
</tag>
<suite>
<stat pass="0" fail="1" skip="0" id="s1" name="Desafio Mobile">Desafio Mobile</stat>
</suite>
</statistics>
<errors>
<msg timestamp="20210711 21:35:21.932" level="WARN">Keyword 'Capture Page Screenshot' could not be run on failure: No application is open</msg>
</errors>
</robot>
