<?xml version="1.0" encoding="UTF-8"?>
<robot generator="Robot 4.0.3 (Python 3.9.6 on win32)" generated="20210706 20:20:25.709" rpa="false" schemaversion="2">
<suite id="s1" name="Desafio Mobile" source="C:\Users\Vinicius\Documents\projetos\PrimeExperts_junho_28_2021\Desafio_Web\desafio_mobile.robot">
<kw name="Abrir o aplicativo no celular" type="SETUP">
<msg timestamp="20210706 20:20:27.325" level="FAIL">No keyword with name 'Abrir o aplicativo no celular' found.</msg>
<status status="FAIL" starttime="20210706 20:20:27.325" endtime="20210706 20:20:27.325"/>
</kw>
<test id="s1-t1" name="Caso de Teste 02: Logar no YouTube">
<status status="FAIL" starttime="20210706 20:20:27.326" endtime="20210706 20:20:27.331">Parent suite setup failed:
No keyword with name 'Abrir o aplicativo no celular' found.</status>
</test>
<doc>arquivo responsavel pelas variaveis, KW e variaveis do proveto mobile testing</doc>
<status status="FAIL" starttime="20210706 20:20:25.713" endtime="20210706 20:20:27.338">Suite setup failed:
No keyword with name 'Abrir o aplicativo no celular' found.</status>
</suite>
<statistics>
<total>
<stat pass="0" fail="1" skip="0">All Tests</stat>
</total>
<tag>
</tag>
<suite>
<stat pass="0" fail="1" skip="0" id="s1" name="Desafio Mobile">Desafio Mobile</stat>
</suite>
</statistics>
<errors>
<msg timestamp="20210706 20:20:25.808" level="ERROR">Error in resource file 'C:\Users\Vinicius\Documents\projetos\PrimeExperts_junho_28_2021\Desafio_Web\desafio_resource.robot': Creating keyword 'Click Element' failed: Keyword with same name defined multiple times.</msg>
<msg timestamp="20210706 20:20:25.809" level="ERROR">Error in resource file 'C:\Users\Vinicius\Documents\projetos\PrimeExperts_junho_28_2021\Desafio_Web\desafio_resource.robot': Creating keyword 'Click Element' failed: Keyword with same name defined multiple times.</msg>
<msg timestamp="20210706 20:20:25.810" level="ERROR">Error in resource file 'C:\Users\Vinicius\Documents\projetos\PrimeExperts_junho_28_2021\Desafio_Web\desafio_resource.robot': Creating keyword 'Click Element' failed: Keyword with same name defined multiple times.</msg>
<msg timestamp="20210706 20:20:25.810" level="ERROR">Error in resource file 'C:\Users\Vinicius\Documents\projetos\PrimeExperts_junho_28_2021\Desafio_Web\desafio_resource.robot': Creating keyword 'Click Element' failed: Keyword with same name defined multiple times.</msg>
<msg timestamp="20210706 20:20:25.812" level="ERROR">Error in resource file 'C:\Users\Vinicius\Documents\projetos\PrimeExperts_junho_28_2021\Desafio_Web\desafio_resource.robot': Creating keyword 'Swipe' failed: Keyword with same name defined multiple times.</msg>
<msg timestamp="20210706 20:20:25.815" level="ERROR">Error in resource file 'C:\Users\Vinicius\Documents\projetos\PrimeExperts_junho_28_2021\Desafio_Web\desafio_resource.robot': Creating keyword 'Swipe' failed: Keyword with same name defined multiple times.</msg>
<msg timestamp="20210706 20:20:25.818" level="ERROR">Error in resource file 'C:\Users\Vinicius\Documents\projetos\PrimeExperts_junho_28_2021\Desafio_Web\desafio_resource.robot': Creating keyword 'Swipe' failed: Keyword with same name defined multiple times.</msg>
<msg timestamp="20210706 20:20:25.819" level="ERROR">Error in resource file 'C:\Users\Vinicius\Documents\projetos\PrimeExperts_junho_28_2021\Desafio_Web\desafio_resource.robot': Creating keyword 'Swipe' failed: Keyword with same name defined multiple times.</msg>
<msg timestamp="20210706 20:20:25.820" level="ERROR">Error in resource file 'C:\Users\Vinicius\Documents\projetos\PrimeExperts_junho_28_2021\Desafio_Web\desafio_resource.robot': Creating keyword 'Click Element' failed: Keyword with same name defined multiple times.</msg>
</errors>
</robot>
