<?xml version="1.0" encoding="UTF-8"?>
<robot generator="Robot 4.0.3 (Python 3.9.6 on win32)" generated="20210705 03:30:18.959" rpa="false" schemaversion="2">
<suite id="s1" name="Web 3" source="C:\Users\vinic\Documents\projetos\PrimeExperts_junho_28_2021\desafio\web_3.robot">
<kw name="Abrir o navegador" library="resource_3" type="SETUP">
<kw name="Open Browser" library="SeleniumLibrary">
<arg>browser=chrome</arg>
<doc>Opens a new browser instance to the optional ``url``.</doc>
<msg timestamp="20210705 03:30:19.354" level="INFO">Opening browser 'chrome' to base url 'None'.</msg>
<status status="PASS" starttime="20210705 03:30:19.354" endtime="20210705 03:30:22.198"/>
</kw>
<status status="PASS" starttime="20210705 03:30:19.353" endtime="20210705 03:30:22.198"/>
</kw>
<test id="s1-t1" name="Caso de Teste 01: Pesquisar produto existente">
<kw name="Acessar a página home do site Automation Practice" library="resource_3">
<kw name="Go To" library="SeleniumLibrary">
<arg>${URL}</arg>
<doc>Navigates the current browser window to the provided ``url``.</doc>
<msg timestamp="20210705 03:30:22.209" level="INFO">Opening url 'http://automationpractice.com'</msg>
<status status="PASS" starttime="20210705 03:30:22.208" endtime="20210705 03:30:32.360"/>
</kw>
<status status="PASS" starttime="20210705 03:30:22.208" endtime="20210705 03:30:32.361"/>
</kw>
<kw name="Digitar o nome do produto &quot;Blouse&quot; no campo de pesquisa" library="resource_3" sourcename="Digitar o nome do produto &quot;${produto}&quot; no campo de pesquisa">
<kw name="Wait Until Element Is Visible" library="SeleniumLibrary">
<arg>id:search_query_top</arg>
<doc>Waits until the element ``locator`` is visible.</doc>
<status status="PASS" starttime="20210705 03:30:32.364" endtime="20210705 03:30:32.412"/>
</kw>
<kw name="Input Text" library="SeleniumLibrary">
<arg>id:search_query_top</arg>
<arg>${produto}</arg>
<doc>Types the given ``text`` into the text field identified by ``locator``.</doc>
<msg timestamp="20210705 03:30:32.413" level="INFO">Typing text 'Blouse' into text field 'id:search_query_top'.</msg>
<status status="PASS" starttime="20210705 03:30:32.412" endtime="20210705 03:30:32.581"/>
</kw>
<status status="PASS" starttime="20210705 03:30:32.363" endtime="20210705 03:30:32.581"/>
</kw>
<kw name="Clicar no botão pesquisar" library="resource_3">
<kw name="Click Button" library="SeleniumLibrary">
<arg>name:submit_search</arg>
<doc>Clicks the button identified by ``locator``.</doc>
<msg timestamp="20210705 03:30:32.583" level="INFO">Clicking button 'name:submit_search'.</msg>
<status status="PASS" starttime="20210705 03:30:32.582" endtime="20210705 03:30:32.715"/>
</kw>
<status status="PASS" starttime="20210705 03:30:32.582" endtime="20210705 03:30:32.716"/>
</kw>
<kw name="Conferir se o produto &quot;Blouse&quot; foi listado no site" library="resource_3" sourcename="Conferir se o produto &quot;${produto}&quot; foi listado no site">
<kw name="Wait Until Element Is Visible" library="SeleniumLibrary">
<arg>//h5[@itemprop='name'][contains(.,'Blouse')]</arg>
<doc>Waits until the element ``locator`` is visible.</doc>
<status status="PASS" starttime="20210705 03:30:32.717" endtime="20210705 03:30:34.921"/>
</kw>
<kw name="Element Text Should Be" library="SeleniumLibrary">
<arg>//h5[@itemprop='name'][contains(.,'Blouse')]</arg>
<arg>${produto}</arg>
<doc>Verifies that element ``locator`` contains exact the text ``expected``.</doc>
<msg timestamp="20210705 03:30:34.922" level="INFO">Verifying element '//h5[@itemprop='name'][contains(.,'Blouse')]' contains exact text 'Blouse'.</msg>
<status status="PASS" starttime="20210705 03:30:34.921" endtime="20210705 03:30:34.954"/>
</kw>
<status status="PASS" starttime="20210705 03:30:32.716" endtime="20210705 03:30:34.955"/>
</kw>
<status status="PASS" starttime="20210705 03:30:22.198" endtime="20210705 03:30:34.957"/>
</test>
<test id="s1-t2" name="Caso de Teste 02: Pesquisar produto inexistente">
<kw name="Acessar a página home do site Automation Practice" library="resource_3">
<kw name="Go To" library="SeleniumLibrary">
<arg>${URL}</arg>
<doc>Navigates the current browser window to the provided ``url``.</doc>
<msg timestamp="20210705 03:30:34.964" level="INFO">Opening url 'http://automationpractice.com'</msg>
<status status="PASS" starttime="20210705 03:30:34.963" endtime="20210705 03:30:36.740"/>
</kw>
<status status="PASS" starttime="20210705 03:30:34.963" endtime="20210705 03:30:36.740"/>
</kw>
<kw name="Digitar o nome do produto &quot;itemNãoExistente&quot; no campo de pesquisa" library="resource_3" sourcename="Digitar o nome do produto &quot;${produto}&quot; no campo de pesquisa">
<kw name="Wait Until Element Is Visible" library="SeleniumLibrary">
<arg>id:search_query_top</arg>
<doc>Waits until the element ``locator`` is visible.</doc>
<status status="PASS" starttime="20210705 03:30:36.742" endtime="20210705 03:30:36.799"/>
</kw>
<kw name="Input Text" library="SeleniumLibrary">
<arg>id:search_query_top</arg>
<arg>${produto}</arg>
<doc>Types the given ``text`` into the text field identified by ``locator``.</doc>
<msg timestamp="20210705 03:30:36.800" level="INFO">Typing text 'itemNãoExistente' into text field 'id:search_query_top'.</msg>
<status status="PASS" starttime="20210705 03:30:36.800" endtime="20210705 03:30:37.012"/>
</kw>
<status status="PASS" starttime="20210705 03:30:36.741" endtime="20210705 03:30:37.013"/>
</kw>
<kw name="Clicar no botão pesquisar" library="resource_3">
<kw name="Click Button" library="SeleniumLibrary">
<arg>name:submit_search</arg>
<doc>Clicks the button identified by ``locator``.</doc>
<msg timestamp="20210705 03:30:37.015" level="INFO">Clicking button 'name:submit_search'.</msg>
<status status="PASS" starttime="20210705 03:30:37.014" endtime="20210705 03:30:38.452"/>
</kw>
<status status="PASS" starttime="20210705 03:30:37.013" endtime="20210705 03:30:38.453"/>
</kw>
<kw name="Conferir mensagem de erro &quot;${MENSAGEM_ALERTA}&quot;" library="resource_3" sourcename="Conferir Mensagem De Erro &quot;${MENSAGEM_ALERTA}&quot;">
<kw name="Wait Until Element Is Visible" library="SeleniumLibrary">
<arg>//*[@id="center_column"]/p[@class='alert alert-warning']</arg>
<doc>Waits until the element ``locator`` is visible.</doc>
<status status="PASS" starttime="20210705 03:30:38.457" endtime="20210705 03:30:38.493"/>
</kw>
<kw name="Element Should Be Visible" library="SeleniumLibrary">
<arg>//*[@id="center_column"]/p[@class='alert alert-warning']</arg>
<arg>${MENSAGEM_ALERTA}</arg>
<doc>Verifies that the element identified by ``locator`` is visible.</doc>
<msg timestamp="20210705 03:30:38.509" level="INFO">Element '//*[@id="center_column"]/p[@class='alert alert-warning']' is displayed.</msg>
<status status="PASS" starttime="20210705 03:30:38.493" endtime="20210705 03:30:38.509"/>
</kw>
<status status="PASS" starttime="20210705 03:30:38.456" endtime="20210705 03:30:38.509"/>
</kw>
<status status="PASS" starttime="20210705 03:30:34.961" endtime="20210705 03:30:38.510"/>
</test>
<test id="s1-t3" name="Caso de Teste 03: Listar Produtos">
<kw name="Acessar a página home do site Automation Practice" library="resource_3">
<kw name="Go To" library="SeleniumLibrary">
<arg>${URL}</arg>
<doc>Navigates the current browser window to the provided ``url``.</doc>
<msg timestamp="20210705 03:30:38.514" level="INFO">Opening url 'http://automationpractice.com'</msg>
<status status="PASS" starttime="20210705 03:30:38.513" endtime="20210705 03:30:40.327"/>
</kw>
<status status="PASS" starttime="20210705 03:30:38.513" endtime="20210705 03:30:40.328"/>
</kw>
<kw name="Passar o mouse por cima da categoria &quot;Women&quot; no menu principal superior de categorias" library="resource_3" sourcename="Passar o mouse por cima da categoria &quot;${WOMEN}&quot; no menu principal superior de categorias">
<kw name="Wait Until Element Is Visible" library="SeleniumLibrary">
<arg>xpath=//*[@id="block_top_menu"]//a[@title="${WOMEN}"]</arg>
<doc>Waits until the element ``locator`` is visible.</doc>
<status status="PASS" starttime="20210705 03:30:40.330" endtime="20210705 03:30:40.387"/>
</kw>
<kw name="Mouse Over" library="SeleniumLibrary">
<arg>xpath=//*[@id="block_top_menu"]//a[@title="${WOMEN}"]</arg>
<doc>Simulates hovering the mouse over the element ``locator``.</doc>
<msg timestamp="20210705 03:30:40.388" level="INFO">Simulating Mouse Over on element 'xpath=//*[@id="block_top_menu"]//a[@title="Women"]'.</msg>
<status status="PASS" starttime="20210705 03:30:40.387" endtime="20210705 03:30:40.681"/>
</kw>
<status status="PASS" starttime="20210705 03:30:40.329" endtime="20210705 03:30:40.682"/>
</kw>
<kw name="Clicar na sub categoria &quot;Summer Dresses&quot;" library="resource_3" sourcename="Clicar na sub categoria &quot;${SUMMER}&quot;">
<kw name="Wait Until Element Is Visible" library="SeleniumLibrary">
<arg>xpath=//*[@id="block_top_menu"]//a[@title="${SUMMER}"]</arg>
<doc>Waits until the element ``locator`` is visible.</doc>
<status status="PASS" starttime="20210705 03:30:40.683" endtime="20210705 03:30:40.719"/>
</kw>
<kw name="Click Element" library="SeleniumLibrary">
<arg>xpath=//*[@id="block_top_menu"]//a[@title="${SUMMER}"]</arg>
<doc>Click the element identified by ``locator``.</doc>
<msg timestamp="20210705 03:30:40.720" level="INFO">Clicking element 'xpath=//*[@id="block_top_menu"]//a[@title="Summer Dresses"]'.</msg>
<status status="PASS" starttime="20210705 03:30:40.720" endtime="20210705 03:30:43.050"/>
</kw>
<status status="PASS" starttime="20210705 03:30:40.682" endtime="20210705 03:30:43.050"/>
</kw>
<kw name="Conferir se os produtos da sub-categoria &quot;Summer Dresses&quot; foram mostrados na página" library="resource_3" sourcename="Conferir se os produtos da sub-categoria &quot;${SUMMER}&quot; foram mostrados na página">
<kw name="Page Should Contain Element" library="SeleniumLibrary">
<arg>xpath=//*[@id="center_column"]/h1/span[contains(text(),"${SUMMER}")]</arg>
<doc>Verifies that element ``locator`` is found on the current page.</doc>
<msg timestamp="20210705 03:30:43.074" level="INFO">Current page contains element 'xpath=//*[@id="center_column"]/h1/span[contains(text(),"Summer Dresses")]'.</msg>
<status status="PASS" starttime="20210705 03:30:43.052" endtime="20210705 03:30:43.074"/>
</kw>
<kw name="Page Should Contain Element" library="SeleniumLibrary">
<arg>xpath=//*[@id="center_column"]/ul/li[1]/div/div[2]/h5/a[@title="${PRODUTOS_SUB_SUMMER[0]}"]</arg>
<doc>Verifies that element ``locator`` is found on the current page.</doc>
<msg timestamp="20210705 03:30:43.087" level="INFO">Current page contains element 'xpath=//*[@id="center_column"]/ul/li[1]/div/div[2]/h5/a[@title="Printed Summer Dress"]'.</msg>
<status status="PASS" starttime="20210705 03:30:43.074" endtime="20210705 03:30:43.087"/>
</kw>
<kw name="Page Should Contain Element" library="SeleniumLibrary">
<arg>xpath=//*[@id="center_column"]/ul/li[2]/div/div[2]/h5/a[@title="${PRODUTOS_SUB_SUMMER[1]}"]</arg>
<doc>Verifies that element ``locator`` is found on the current page.</doc>
<msg timestamp="20210705 03:30:43.099" level="INFO">Current page contains element 'xpath=//*[@id="center_column"]/ul/li[2]/div/div[2]/h5/a[@title="Printed Summer Dress"]'.</msg>
<status status="PASS" starttime="20210705 03:30:43.087" endtime="20210705 03:30:43.099"/>
</kw>
<kw name="Page Should Contain Element" library="SeleniumLibrary">
<arg>xpath=//*[@id="center_column"]/ul/li[3]/div/div[2]/h5/a[@title="${PRODUTOS_SUB_SUMMER[2]}"]</arg>
<doc>Verifies that element ``locator`` is found on the current page.</doc>
<msg timestamp="20210705 03:30:43.112" level="INFO">Current page contains element 'xpath=//*[@id="center_column"]/ul/li[3]/div/div[2]/h5/a[@title="Printed Chiffon Dress"]'.</msg>
<status status="PASS" starttime="20210705 03:30:43.100" endtime="20210705 03:30:43.112"/>
</kw>
<status status="PASS" starttime="20210705 03:30:43.051" endtime="20210705 03:30:43.112"/>
</kw>
<status status="PASS" starttime="20210705 03:30:38.512" endtime="20210705 03:30:43.113"/>
</test>
<test id="s1-t4" name="Caso de Teste 04: Adicionar Cliente">
<kw name="Acessar a página home do site Automation Practice" library="resource_3">
<kw name="Go To" library="SeleniumLibrary">
<arg>${URL}</arg>
<doc>Navigates the current browser window to the provided ``url``.</doc>
<msg timestamp="20210705 03:30:43.116" level="INFO">Opening url 'http://automationpractice.com'</msg>
<status status="PASS" starttime="20210705 03:30:43.116" endtime="20210705 03:30:44.762"/>
</kw>
<status status="PASS" starttime="20210705 03:30:43.115" endtime="20210705 03:30:44.762"/>
</kw>
<kw name="Clicar em &quot;Sign in&quot;" library="resource_3">
<kw name="Click Element" library="SeleniumLibrary">
<arg>xpath=//*[@id="header"]/div[2]/div/div/nav/div[1]/a</arg>
<doc>Click the element identified by ``locator``.</doc>
<msg timestamp="20210705 03:30:44.768" level="INFO">Clicking element 'xpath=//*[@id="header"]/div[2]/div/div/nav/div[1]/a'.</msg>
<status status="PASS" starttime="20210705 03:30:44.767" endtime="20210705 03:30:46.481"/>
</kw>
<status status="PASS" starttime="20210705 03:30:44.766" endtime="20210705 03:30:46.481"/>
</kw>
<kw name="Informar um e-mail válido" library="resource_3">
<kw name="Wait Until Element Is Visible" library="SeleniumLibrary">
<arg>id=email_create</arg>
<doc>Waits until the element ``locator`` is visible.</doc>
<status status="PASS" starttime="20210705 03:30:46.483" endtime="20210705 03:30:46.523"/>
</kw>
<kw name="Generate Random String" library="String">
<var>${EMAIL}</var>
<doc>Generates a string with a desired ``length`` from the given ``chars``.</doc>
<msg timestamp="20210705 03:30:46.524" level="INFO">${EMAIL} = ffakXhkg</msg>
<status status="PASS" starttime="20210705 03:30:46.523" endtime="20210705 03:30:46.524"/>
</kw>
<kw name="Input Text" library="SeleniumLibrary">
<arg>id=email_create</arg>
<arg>${EMAIL}@robotframework.com</arg>
<doc>Types the given ``text`` into the text field identified by ``locator``.</doc>
<msg timestamp="20210705 03:30:46.524" level="INFO">Typing text 'ffakXhkg@robotframework.com' into text field 'id=email_create'.</msg>
<status status="PASS" starttime="20210705 03:30:46.524" endtime="20210705 03:30:46.650"/>
</kw>
<status status="PASS" starttime="20210705 03:30:46.482" endtime="20210705 03:30:46.650"/>
</kw>
<kw name="Clicar em &quot;Create an account&quot;" library="resource_3">
<kw name="Click Button" library="SeleniumLibrary">
<arg>id=SubmitCreate</arg>
<doc>Clicks the button identified by ``locator``.</doc>
<msg timestamp="20210705 03:30:46.652" level="INFO">Clicking button 'id=SubmitCreate'.</msg>
<status status="PASS" starttime="20210705 03:30:46.651" endtime="20210705 03:30:46.744"/>
</kw>
<status status="PASS" starttime="20210705 03:30:46.651" endtime="20210705 03:30:46.744"/>
</kw>
<kw name="Preencher os dados obrigatórios" library="resource_3">
<kw name="Wait Until Element Is Visible" library="SeleniumLibrary">
<arg>xpath=//*[@id="account-creation_form"]//h3[contains(text(),"Your personal information")]</arg>
<doc>Waits until the element ``locator`` is visible.</doc>
<status status="PASS" starttime="20210705 03:30:46.745" endtime="20210705 03:30:48.313"/>
</kw>
<kw name="Click Element" library="SeleniumLibrary">
<arg>id=id_gender2</arg>
<doc>Click the element identified by ``locator``.</doc>
<msg timestamp="20210705 03:30:48.313" level="INFO">Clicking element 'id=id_gender2'.</msg>
<status status="PASS" starttime="20210705 03:30:48.313" endtime="20210705 03:30:48.384"/>
</kw>
<kw name="Input Text" library="SeleniumLibrary">
<arg>id=customer_firstname</arg>
<arg>${PESSOA.nome}</arg>
<doc>Types the given ``text`` into the text field identified by ``locator``.</doc>
<msg timestamp="20210705 03:30:48.386" level="INFO">Typing text 'Carla' into text field 'id=customer_firstname'.</msg>
<status status="PASS" starttime="20210705 03:30:48.384" endtime="20210705 03:30:48.520"/>
</kw>
<kw name="Input Text" library="SeleniumLibrary">
<arg>id=customer_lastname</arg>
<arg>${PESSOA.sobrenome}</arg>
<doc>Types the given ``text`` into the text field identified by ``locator``.</doc>
<msg timestamp="20210705 03:30:48.523" level="INFO">Typing text 'Soares' into text field 'id=customer_lastname'.</msg>
<status status="PASS" starttime="20210705 03:30:48.521" endtime="20210705 03:30:48.666"/>
</kw>
<kw name="Input Text" library="SeleniumLibrary">
<arg>id=passwd</arg>
<arg>${PESSOA.pwd}</arg>
<doc>Types the given ``text`` into the text field identified by ``locator``.</doc>
<msg timestamp="20210705 03:30:48.668" level="INFO">Typing text '172839' into text field 'id=passwd'.</msg>
<status status="PASS" starttime="20210705 03:30:48.667" endtime="20210705 03:30:48.891"/>
</kw>
<kw name="Input Text" library="SeleniumLibrary">
<arg>id=address1</arg>
<arg>${PESSOA.endereco}</arg>
<doc>Types the given ``text`` into the text field identified by ``locator``.</doc>
<msg timestamp="20210705 03:30:48.893" level="INFO">Typing text 'Rua Maranhão, Bairro Pituba' into text field 'id=address1'.</msg>
<status status="PASS" starttime="20210705 03:30:48.891" endtime="20210705 03:30:49.050"/>
</kw>
<kw name="Input Text" library="SeleniumLibrary">
<arg>id=city</arg>
<arg>${PESSOA.cidade}</arg>
<doc>Types the given ``text`` into the text field identified by ``locator``.</doc>
<msg timestamp="20210705 03:30:49.053" level="INFO">Typing text 'Salvador' into text field 'id=city'.</msg>
<status status="PASS" starttime="20210705 03:30:49.051" endtime="20210705 03:30:49.194"/>
</kw>
<kw name="Set Focus To Element" library="SeleniumLibrary">
<arg>id=id_state</arg>
<doc>Sets the focus to the element identified by ``locator``.</doc>
<status status="PASS" starttime="20210705 03:30:49.195" endtime="20210705 03:30:49.217"/>
</kw>
<kw name="Select From List By Index" library="SeleniumLibrary">
<arg>id=id_state</arg>
<arg>${PESSOA.id_estado}</arg>
<doc>Selects options from selection list ``locator`` by ``indexes``.</doc>
<msg timestamp="20210705 03:30:49.218" level="INFO">Selecting options from selection list 'id=id_state' by index 8.</msg>
<status status="PASS" starttime="20210705 03:30:49.217" endtime="20210705 03:30:49.411"/>
</kw>
<kw name="Input Text" library="SeleniumLibrary">
<arg>id=postcode</arg>
<arg>${PESSOA.cep}</arg>
<doc>Types the given ``text`` into the text field identified by ``locator``.</doc>
<msg timestamp="20210705 03:30:49.412" level="INFO">Typing text '17283' into text field 'id=postcode'.</msg>
<status status="PASS" starttime="20210705 03:30:49.411" endtime="20210705 03:30:49.526"/>
</kw>
<kw name="Input Text" library="SeleniumLibrary">
<arg>id=phone_mobile</arg>
<arg>${PESSOA.telefone}</arg>
<doc>Types the given ``text`` into the text field identified by ``locator``.</doc>
<msg timestamp="20210705 03:30:49.527" level="INFO">Typing text '994063651' into text field 'id=phone_mobile'.</msg>
<status status="PASS" starttime="20210705 03:30:49.526" endtime="20210705 03:30:49.651"/>
</kw>
<status status="PASS" starttime="20210705 03:30:46.745" endtime="20210705 03:30:49.651"/>
</kw>
<kw name="Submeter cadastro" library="resource_3">
<kw name="Click Button" library="SeleniumLibrary">
<arg>submitAccount</arg>
<doc>Clicks the button identified by ``locator``.</doc>
<msg timestamp="20210705 03:30:49.654" level="INFO">Clicking button 'submitAccount'.</msg>
<status status="PASS" starttime="20210705 03:30:49.653" endtime="20210705 03:30:51.856"/>
</kw>
<status status="PASS" starttime="20210705 03:30:49.652" endtime="20210705 03:30:51.856"/>
</kw>
<kw name="Conferir se o cadastro foi efetuado com sucesso" library="resource_3">
<kw name="Wait Until Element Is Visible" library="SeleniumLibrary">
<arg>xpath=//*[@id="center_column"]/p</arg>
<doc>Waits until the element ``locator`` is visible.</doc>
<status status="PASS" starttime="20210705 03:30:51.858" endtime="20210705 03:30:51.888"/>
</kw>
<kw name="Element Text Should Be" library="SeleniumLibrary">
<arg>xpath=//*[@id="center_column"]/p</arg>
<arg>Welcome to your account. Here you can manage all of your personal information and orders.</arg>
<doc>Verifies that element ``locator`` contains exact the text ``expected``.</doc>
<msg timestamp="20210705 03:30:51.889" level="INFO">Verifying element 'xpath=//*[@id="center_column"]/p' contains exact text 'Welcome to your account. Here you can manage all of your personal information and orders.'.</msg>
<status status="PASS" starttime="20210705 03:30:51.889" endtime="20210705 03:30:51.909"/>
</kw>
<kw name="Element Text Should Be" library="SeleniumLibrary">
<arg>xpath=//*[@id="header"]/div[2]//div[1]/a/span</arg>
<arg>${PESSOA.nome} ${PESSOA.sobrenome}</arg>
<doc>Verifies that element ``locator`` contains exact the text ``expected``.</doc>
<msg timestamp="20210705 03:30:51.911" level="INFO">Verifying element 'xpath=//*[@id="header"]/div[2]//div[1]/a/span' contains exact text 'Carla Soares'.</msg>
<status status="PASS" starttime="20210705 03:30:51.909" endtime="20210705 03:30:51.940"/>
</kw>
<status status="PASS" starttime="20210705 03:30:51.857" endtime="20210705 03:30:51.940"/>
</kw>
<status status="PASS" starttime="20210705 03:30:43.114" endtime="20210705 03:30:51.941"/>
</test>
<kw name="Fechar o navegador" library="resource_3" type="TEARDOWN">
<kw name="Close Browser" library="SeleniumLibrary">
<doc>Closes the current browser.</doc>
<status status="PASS" starttime="20210705 03:30:51.944" endtime="20210705 03:30:54.373"/>
</kw>
<status status="PASS" starttime="20210705 03:30:51.943" endtime="20210705 03:30:54.373"/>
</kw>
<doc>teste case web</doc>
<status status="PASS" starttime="20210705 03:30:18.963" endtime="20210705 03:30:54.373"/>
</suite>
<statistics>
<total>
<stat pass="4" fail="0" skip="0">All Tests</stat>
</total>
<tag>
</tag>
<suite>
<stat pass="4" fail="0" skip="0" id="s1" name="Web 3">Web 3</stat>
</suite>
</statistics>
<errors>
</errors>
</robot>
