<?xml version="1.0" encoding="UTF-8"?>
<robot generator="Robot 4.0.3 (Python 3.9.5 on win32)" generated="20210702 22:09:55.098" rpa="false" schemaversion="2">
<suite id="s1" name="Mobile Testing" source="d:\Backup-organizado\Trabalho-Projetos\Prime\PrimeExperts\aula_web\PrimeExperts_junho_28_2021\mobile_testing">
<suite id="s1-s1" name="Mobile Test" source="d:\Backup-organizado\Trabalho-Projetos\Prime\PrimeExperts\aula_web\PrimeExperts_junho_28_2021\mobile_testing\mobile_test.robot">
<kw name="Abrir o aplicativo no celular" library="resource_mobile" type="SETUP">
<kw name="Open Application" library="AppiumLibrary">
<arg>${REMOTE_URL}</arg>
<arg>platformName=${PLATFORM_NAME}</arg>
<arg>platformVersion=${PLATFORM_VERSION}</arg>
<arg>deviceName=${DEVICE_NAME}</arg>
<arg>appPackage=${APP_PACKAGE}</arg>
<arg>appActivity=${APP_ACTIVITY}</arg>
<arg>automationName=${AUTOMATION_NAME}</arg>
<doc>Opens a new application to given Appium server.
Capabilities of appium server, Android and iOS,
Please check https://github.com/appium/appium/blob/master/docs/en/writing-running-appium/server-args.md
| *Option*            | *Man.* | *Description*     |
| remote_url          | Yes    | Appium server url |
| alias               | no     | alias             |</doc>
<status status="PASS" starttime="20210702 22:09:55.320" endtime="20210702 22:10:05.157"/>
</kw>
<status status="PASS" starttime="20210702 22:09:55.320" endtime="20210702 22:10:05.157"/>
</kw>
<test id="s1-s1-t1" name="Pesquisar canal “Adrenaline”">
<kw name="Buscar o canal “Adrenaline&quot;" library="resource_mobile" sourcename="Buscar o canal “${nome_do_canal}&quot;">
<kw name="Wait Until Element Is Visible" library="AppiumLibrary">
<arg>${BTN_SEARCH}</arg>
<doc>Waits until element specified with `locator` is visible.</doc>
<status status="PASS" starttime="20210702 22:10:05.158" endtime="20210702 22:10:06.987"/>
</kw>
<kw name="Click Element" library="AppiumLibrary">
<arg>${BTN_SEARCH}</arg>
<doc>Click element identified by `locator`.</doc>
<msg timestamp="20210702 22:10:06.988" level="INFO">Clicking element 'accessibility_id=Search'.</msg>
<status status="PASS" starttime="20210702 22:10:06.987" endtime="20210702 22:10:07.039"/>
</kw>
<kw name="Wait Until Element Is Visible" library="AppiumLibrary">
<arg>${INPUT_SEARCH}</arg>
<doc>Waits until element specified with `locator` is visible.</doc>
<status status="PASS" starttime="20210702 22:10:07.039" endtime="20210702 22:10:07.892"/>
</kw>
<kw name="Input Text" library="AppiumLibrary">
<arg>${INPUT_SEARCH}</arg>
<arg>${nome_do_canal}</arg>
<doc>Types the given `text` into text field identified by `locator`.</doc>
<msg timestamp="20210702 22:10:07.894" level="INFO">Typing text 'Adrenaline' into text field 'search_edit_text'</msg>
<status status="PASS" starttime="20210702 22:10:07.892" endtime="20210702 22:10:08.571"/>
</kw>
<kw name="Press Keycode" library="AppiumLibrary">
<arg>66</arg>
<doc>Sends a press of keycode to the device.</doc>
<status status="PASS" starttime="20210702 22:10:08.571" endtime="20210702 22:10:08.680"/>
</kw>
<status status="PASS" starttime="20210702 22:10:05.158" endtime="20210702 22:10:08.680"/>
</kw>
<kw name="Selecionar o canal na lista de busca" library="resource_mobile">
<kw name="Wait Until Element Is Visible" library="AppiumLibrary">
<arg>${CHANNEL_NAME}</arg>
<doc>Waits until element specified with `locator` is visible.</doc>
<status status="PASS" starttime="20210702 22:10:08.680" endtime="20210702 22:10:10.764"/>
</kw>
<kw name="Click Element" library="AppiumLibrary">
<arg>${CHANNEL_NAME}</arg>
<doc>Click element identified by `locator`.</doc>
<msg timestamp="20210702 22:10:10.766" level="INFO">Clicking element 'channel_name'.</msg>
<status status="PASS" starttime="20210702 22:10:10.764" endtime="20210702 22:10:10.820"/>
</kw>
<status status="PASS" starttime="20210702 22:10:08.680" endtime="20210702 22:10:10.820"/>
</kw>
<kw name="Navegar pelo menu Playlist" library="resource_mobile">
<kw name="Wait Until Element Is Visible" library="AppiumLibrary">
<arg>${PLAYLISTS}</arg>
<doc>Waits until element specified with `locator` is visible.</doc>
<status status="PASS" starttime="20210702 22:10:10.820" endtime="20210702 22:10:12.860"/>
</kw>
<kw name="Click Element" library="AppiumLibrary">
<arg>${PLAYLISTS}</arg>
<doc>Click element identified by `locator`.</doc>
<msg timestamp="20210702 22:10:12.861" level="INFO">Clicking element 'accessibility_id=Playlists'.</msg>
<status status="PASS" starttime="20210702 22:10:12.860" endtime="20210702 22:10:12.903"/>
</kw>
<status status="PASS" starttime="20210702 22:10:10.820" endtime="20210702 22:10:12.903"/>
</kw>
<kw name="Selecionar a playlist da E3 do canal" library="resource_mobile">
<kw name="Wait Until Element Is Visible" library="AppiumLibrary">
<arg>${CHOOSE_E3}</arg>
<arg>10</arg>
<doc>Waits until element specified with `locator` is visible.</doc>
<status status="PASS" starttime="20210702 22:10:12.904" endtime="20210702 22:10:14.224"/>
</kw>
<kw name="Click Element" library="AppiumLibrary">
<arg>${CHOOSE_E3}</arg>
<doc>Click element identified by `locator`.</doc>
<msg timestamp="20210702 22:10:14.226" level="INFO">Clicking element 'xpath=/hierarchy/android.widget.FrameLayout/android.widget.LinearLayout/android.widget.FrameLayout/android.widget.LinearLayout/android.widget.FrameLayout/android.view.ViewGroup/android.widget.FrameLayout/android.widget.FrameLayout/android.view.ViewGroup/android.view.ViewGroup/android.widget.FrameLayout[2]/android.widget.FrameLayout/android.support.v4.view.ViewPager/android.view.ViewGroup/android.support.v7.widget.RecyclerView/android.widget.RelativeLayout[2]/android.widget.TextView[1]'.</msg>
<status status="PASS" starttime="20210702 22:10:14.224" endtime="20210702 22:10:14.308"/>
</kw>
<status status="PASS" starttime="20210702 22:10:12.904" endtime="20210702 22:10:14.308"/>
</kw>
<kw name="Navegar por todos os botões da barra de Menus(Home, Explorar...) do YouTube" library="resource_mobile">
<kw name="Click Element" library="AppiumLibrary">
<arg>${HOME_BTN}</arg>
<doc>Click element identified by `locator`.</doc>
<msg timestamp="20210702 22:10:14.310" level="INFO">Clicking element 'accessibility_id=Home'.</msg>
<status status="PASS" starttime="20210702 22:10:14.309" endtime="20210702 22:10:15.398"/>
</kw>
<kw name="Click Element" library="AppiumLibrary">
<arg>${TRENDING_BTN}</arg>
<doc>Click element identified by `locator`.</doc>
<msg timestamp="20210702 22:10:15.401" level="INFO">Clicking element 'accessibility_id=Trending'.</msg>
<status status="PASS" starttime="20210702 22:10:15.398" endtime="20210702 22:10:16.121"/>
</kw>
<kw name="Click Element" library="AppiumLibrary">
<arg>${SUBSCRIPTIONS_BTN}</arg>
<doc>Click element identified by `locator`.</doc>
<msg timestamp="20210702 22:10:16.123" level="INFO">Clicking element 'accessibility_id=Subscriptions'.</msg>
<status status="PASS" starttime="20210702 22:10:16.121" endtime="20210702 22:10:17.208"/>
</kw>
<kw name="Click Element" library="AppiumLibrary">
<arg>${NOTIFICATION_BTN}</arg>
<doc>Click element identified by `locator`.</doc>
<msg timestamp="20210702 22:10:17.209" level="INFO">Clicking element 'accessibility_id=Notifications'.</msg>
<status status="PASS" starttime="20210702 22:10:17.208" endtime="20210702 22:10:17.980"/>
</kw>
<status status="PASS" starttime="20210702 22:10:14.309" endtime="20210702 22:10:17.980"/>
</kw>
<status status="PASS" starttime="20210702 22:10:05.157" endtime="20210702 22:10:17.981"/>
</test>
<doc>arquivo responsavel pelos testes do mobile testing App: YouTube</doc>
<status status="PASS" starttime="20210702 22:09:55.123" endtime="20210702 22:10:17.982"/>
</suite>
<status status="PASS" starttime="20210702 22:09:55.099" endtime="20210702 22:10:17.983"/>
</suite>
<statistics>
<total>
<stat pass="1" fail="0" skip="0">All Tests</stat>
</total>
<tag>
</tag>
<suite>
<stat pass="1" fail="0" skip="0" id="s1" name="Mobile Testing">Mobile Testing</stat>
<stat pass="1" fail="0" skip="0" id="s1-s1" name="Mobile Test">Mobile Testing.Mobile Test</stat>
</suite>
</statistics>
<errors>
</errors>
</robot>
