<?xml version="1.0" encoding="UTF-8"?>
<robot generator="Robot 4.0.3 (Python 3.9.6 on win32)" generated="20210707 22:26:35.594" rpa="false" schemaversion="2">
<suite id="s1" name="Mobile Testing" source="c:\Users\Vinicius\Documents\projetos\PrimeExperts_junho_28_2021\mobile_testing">
<suite id="s1-s1" name="Mobile Test" source="c:\Users\Vinicius\Documents\projetos\PrimeExperts_junho_28_2021\mobile_testing\mobile_test.robot">
<kw name="Abrir o aplicativo no celular" library="resource_mobile" type="SETUP">
<kw name="Open Application" library="AppiumLibrary">
<arg>${REMOTE_URL}</arg>
<arg>platformName=${PLATFORM_NAME}</arg>
<arg>platformVersion=${PLATFORM_VERSION}</arg>
<arg>deviceName=${DEVICE_NAME}</arg>
<arg>appPackage=${APP_PACKAGE}</arg>
<arg>appActivity=${APP_ACTIVITY}</arg>
<arg>automationName=${AUTOMATION_NAME}</arg>
<doc>Opens a new application to given Appium server.
Capabilities of appium server, Android and iOS,
Please check https://github.com/appium/appium/blob/master/docs/en/writing-running-appium/server-args.md
| *Option*            | *Man.* | *Description*     |
| remote_url          | Yes    | Appium server url |
| alias               | no     | alias             |</doc>
<status status="PASS" starttime="20210707 22:26:37.233" endtime="20210707 22:27:02.090"/>
</kw>
<status status="PASS" starttime="20210707 22:26:37.233" endtime="20210707 22:27:02.090"/>
</kw>
<test id="s1-s1-t1" name="Pesquisar canal “Adrenaline”">
<kw name="Buscar o canal “Adrenaline&quot;" library="resource_mobile" sourcename="Buscar o canal “${nome_do_canal}&quot;">
<kw name="Wait Until Element Is Visible" library="AppiumLibrary">
<arg>${BTN_SEARCH}</arg>
<arg>15</arg>
<doc>Waits until element specified with `locator` is visible.</doc>
<status status="PASS" starttime="20210707 22:27:02.132" endtime="20210707 22:27:03.764"/>
</kw>
<kw name="Click Element" library="AppiumLibrary">
<arg>${BTN_SEARCH}</arg>
<doc>Click element identified by `locator`.</doc>
<msg timestamp="20210707 22:27:03.769" level="INFO">Clicking element 'accessibility_id=Search'.</msg>
<status status="PASS" starttime="20210707 22:27:03.765" endtime="20210707 22:27:04.312"/>
</kw>
<kw name="Wait Until Element Is Visible" library="AppiumLibrary">
<arg>${INPUT_SEARCH}</arg>
<arg>15</arg>
<doc>Waits until element specified with `locator` is visible.</doc>
<status status="PASS" starttime="20210707 22:27:04.312" endtime="20210707 22:27:05.670"/>
</kw>
<kw name="Input Text" library="AppiumLibrary">
<arg>${INPUT_SEARCH}</arg>
<arg>${nome_do_canal}</arg>
<doc>Types the given `text` into text field identified by `locator`.</doc>
<msg timestamp="20210707 22:27:05.673" level="INFO">Typing text 'Adrenaline' into text field 'search_edit_text'</msg>
<status status="PASS" starttime="20210707 22:27:05.670" endtime="20210707 22:27:06.390"/>
</kw>
<kw name="Press Keycode" library="AppiumLibrary">
<arg>66</arg>
<doc>Sends a press of keycode to the device.</doc>
<status status="PASS" starttime="20210707 22:27:06.390" endtime="20210707 22:27:08.310"/>
</kw>
<status status="PASS" starttime="20210707 22:27:02.132" endtime="20210707 22:27:08.310"/>
</kw>
<kw name="Selecionar o canal na lista de busca" library="resource_mobile">
<kw name="Wait Until Element Is Visible" library="AppiumLibrary">
<arg>${CHANNEL_NAME}</arg>
<doc>Waits until element specified with `locator` is visible.</doc>
<msg timestamp="20210707 22:27:15.212" level="INFO">&lt;?xml version='1.0' encoding='UTF-8' standalone='yes' ?&gt;
&lt;hierarchy index="0" class="hierarchy" rotation="0" width="768" height="1184"&gt;
  &lt;android.widget.FrameLayout index="0" package="com.google.android.youtube" class="android.widget.FrameLayout" text="" checkable="false" checked="false" clickable="false" enabled="true" focusable="false" focused="false" long-clickable="false" password="false" scrollable="false" selected="false" bounds="[0,0][768,1184]" displayed="true"&gt;
    &lt;android.widget.LinearLayout index="0" package="com.google.android.youtube" class="android.widget.LinearLayout" text="" checkable="false" checked="false" clickable="false" enabled="true" focusable="false" focused="false" long-clickable="false" password="false" scrollable="false" selected="false" bounds="[0,0][768,1184]" displayed="true"&gt;
      &lt;android.widget.FrameLayout index="0" package="com.google.android.youtube" class="android.widget.FrameLayout" text="" checkable="false" checked="false" clickable="false" enabled="true" focusable="false" focused="false" long-clickable="false" password="false" scrollable="false" selected="false" bounds="[0,0][768,1184]" displayed="true"&gt;
        &lt;android.widget.LinearLayout index="0" package="com.google.android.youtube" class="android.widget.LinearLayout" text="" resource-id="com.google.android.youtube:id/action_bar_root" checkable="false" checked="false" clickable="false" enabled="true" focusable="false" focused="false" long-clickable="false" password="false" scrollable="false" selected="false" bounds="[0,0][768,1184]" displayed="true"&gt;
          &lt;android.widget.FrameLayout index="0" package="com.google.android.youtube" class="android.widget.FrameLayout" text="" resource-id="android:id/content" checkable="false" checked="false" clickable="false" enabled="true" focusable="false" focused="false" long-clickable="false" password="false" scrollable="false" selected="false" bounds="[0,0][768,1184]" displayed="true"&gt;
            &lt;android.view.ViewGroup index="0" package="com.google.android.youtube" class="android.view.ViewGroup" text="" resource-id="com.google.android.youtube:id/navigation_bar_divider_frame" checkable="false" checked="false" clickable="false" enabled="true" focusable="false" focused="false" long-clickable="false" password="false" scrollable="false" selected="false" bounds="[0,0][768,1184]" displayed="true"&gt;
              &lt;android.widget.FrameLayout index="0" package="com.google.android.youtube" class="android.widget.FrameLayout" text="" resource-id="com.google.android.youtube:id/slim_status_bar_player_container" checkable="false" checked="false" clickable="false" enabled="true" focusable="false" focused="false" long-clickable="false" password="false" scrollable="false" selected="false" bounds="[0,0][768,1184]" displayed="true"&gt;
                &lt;android.widget.FrameLayout index="0" package="com.google.android.youtube" class="android.widget.FrameLayout" text="" resource-id="com.google.android.youtube:id/accessibility_layer_container" checkable="false" checked="false" clickable="false" enabled="true" focusable="false" focused="false" long-clickable="false" password="false" scrollable="false" selected="false" bounds="[0,48][768,1182]" displayed="true"&gt;
                  &lt;android.view.ViewGroup index="0" package="com.google.android.youtube" class="android.view.ViewGroup" text="" resource-id="com.google.android.youtube:id/watch_while_layout" checkable="false" checked="false" clickable="false" enabled="true" focusable="false" focused="false" long-clickable="false" password="false" scrollable="false" selected="false" bounds="[0,48][768,1182]" displayed="true"&gt;
                    &lt;android.view.ViewGroup index="0" package="com.google.android.youtube" class="android.view.ViewGroup" text="" resource-id="com.google.android.youtube:id/coordinator_layout" checkable="false" checked="false" clickable="false" enabled="true" focusable="false" focused="false" long-clickable="false" password="false" scrollable="false" selected="false" bounds="[0,48][768,1182]" displayed="true"&gt;
                      &lt;android.widget.FrameLayout index="0" package="com.google.android.youtube" class="android.widget.FrameLayout" text="" resource-id="com.google.android.youtube:id/fab_container" checkable="false" checked="false" clickable="false" enabled="true" focusable="false" focused="false" long-clickable="false" password="false" scrollable="false" selected="false" bounds="[0,48][768,1182]" displayed="true" /&gt;
                      &lt;android.widget.LinearLayout index="1" package="com.google.android.youtube" class="android.widget.LinearLayout" text="" resource-id="com.google.android.youtube:id/appbar_layout" checkable="false" checked="false" clickable="false" enabled="true" focusable="false" focused="false" long-clickable="false" password="false" scrollable="false" selected="false" bounds="[0,48][768,144]" displayed="true"&gt;
                        &lt;android.widget.FrameLayout index="0" package="com.google.android.youtube" class="android.widget.FrameLayout" text="" resource-id="com.google.android.youtube:id/toolbar_container" checkable="false" checked="false" clickable="false" enabled="true" focusable="false" focused="false" long-clickable="false" password="false" scrollable="false" selected="false" bounds="[0,48][768,144]" displayed="true"&gt;
                          &lt;android.view.ViewGroup index="0" package="com.google.android.youtube" class="android.view.ViewGroup" text="" resource-id="com.google.android.youtube:id/toolbar" checkable="false" checked="false" clickable="false" enabled="true" focusable="false" focused="false" long-clickable="false" password="false" scrollable="false" selected="false" bounds="[0,48][768,144]" displayed="true"&gt;
                            &lt;android.widget.ImageButton index="0" package="com.google.android.youtube" class="android.widget.ImageButton" text="" content-desc="Navigate up" checkable="false" checked="false" clickable="true" enabled="true" focusable="true" focused="false" long-clickable="false" password="false" scrollable="false" selected="false" bounds="[0,48][112,144]" displayed="true" /&gt;
                            &lt;android.widget.LinearLayout index="1" package="com.google.android.youtube" class="android.widget.LinearLayout" text="" checkable="false" checked="false" clickable="false" enabled="true" focusable="false" focused="false" long-clickable="false" password="false" scrollable="false" selected="false" bounds="[144,48][672,144]" displayed="true"&gt;
                              &lt;android.widget.TextView index="0" package="com.google.android.youtube" class="android.widget.TextView" text="Adrenaline" resource-id="com.google.android.youtube:id/search_query" checkable="false" checked="false" clickable="true" enabled="true" focusable="true" focused="false" long-clickable="false" password="false" scrollable="false" selected="false" bounds="[144,48][576,144]" displayed="true" /&gt;
                              &lt;android.widget.ImageView index="1" package="com.google.android.youtube" class="android.widget.ImageView" text="" content-desc="Clear" resource-id="com.google.android.youtube:id/search_clear" checkable="false" checked="false" clickable="true" enabled="true" focusable="true" focused="false" long-clickable="false" password="false" scrollable="false" selected="false" bounds="[576,48][672,144]" displayed="true" /&gt;
                            &lt;/android.widget.LinearLayout&gt;
                            &lt;android.support.v7.widget.LinearLayoutCompat index="2" package="com.google.android.youtube" class="android.support.v7.widget.LinearLayoutCompat" text="" checkable="false" checked="false" clickable="false" enabled="true" focusable="false" focused="false" long-clickable="false" password="false" scrollable="false" selected="false" bounds="[672,48][768,144]" displayed="true"&gt;
                              &lt;android.widget.ImageButton index="0" package="com.google.android.youtube" class="android.widget.ImageButton" text="" content-desc="Filter" resource-id="com.google.android.youtube:id/menu_filter_results" checkable="false" checked="false" clickable="true" enabled="true" focusable="true" focused="false" long-clickable="false" password="false" scrollable="false" selected="false" bounds="[672,48][768,144]" displayed="true" /&gt;
                            &lt;/android.support.v7.widget.LinearLayoutCompat&gt;
                          &lt;/android.view.ViewGroup&gt;
                        &lt;/android.widget.FrameLayout&gt;
                      &lt;/android.widget.LinearLayout&gt;
                      &lt;android.widget.FrameLayout index="2" package="com.google.android.youtube" class="android.widget.FrameLayout" text="" resource-id="com.google.android.youtube:id/pane_fragment_container" checkable="false" checked="false" clickable="false" enabled="true" focusable="false" focused="false" long-clickable="false" password="false" scrollable="false" selected="false" bounds="[0,144][768,1182]" displayed="true"&gt;
                        &lt;android.view.ViewGroup index="0" package="com.google.android.youtube" class="android.view.ViewGroup" text="" resource-id="com.google.android.youtube:id/inline_player_container" checkable="false" checked="false" clickable="false" enabled="true" focusable="false" focused="false" long-clickable="false" password="false" scrollable="false" selected="false" bounds="[0,144][768,1086]" displayed="true" /&gt;
                        &lt;android.widget.FrameLayout index="1" package="com.google.android.youtube" class="android.widget.FrameLayout" text="" resource-id="com.google.android.youtube:id/loading_layout" checkable="false" checked="false" clickable="false" enabled="true" focusable="false" focused="false" long-clickable="false" password="false" scrollable="false" selected="false" bounds="[0,144][768,1086]" displayed="true"&gt;
                          &lt;android.support.v7.widget.RecyclerView index="0" package="com.google.android.youtube" class="android.support.v7.widget.RecyclerView" text="" resource-id="com.google.android.youtube:id/results" checkable="false" checked="false" clickable="false" enabled="true" focusable="true" focused="true" long-clickable="false" password="false" scrollable="false" selected="false" bounds="[0,144][768,1086]" displayed="true" /&gt;
                          &lt;android.widget.ProgressBar index="1" package="com.google.android.youtube" class="android.widget.ProgressBar" text="" resource-id="com.google.android.youtube:id/load_progress" checkable="false" checked="false" clickable="false" enabled="true" focusable="false" focused="false" long-clickable="false" password="false" scrollable="false" selected="false" bounds="[328,559][440,671]" displayed="true" /&gt;
                        &lt;/android.widget.FrameLayout&gt;
                      &lt;/android.widget.FrameLayout&gt;
                    &lt;/android.view.ViewGroup&gt;
                  &lt;/android.view.ViewGroup&gt;
                  &lt;android.widget.LinearLayout index="1" package="com.google.android.youtube" class="android.widget.LinearLayout" text="" resource-id="com.google.android.youtube:id/bottom_bar_container" checkable="false" checked="false" clickable="false" enabled="true" focusable="false" focused="false" long-clickable="false" password="false" scrollable="false" selected="false" bounds="[0,1086][768,1182]" displayed="true"&gt;
                    &lt;android.widget.HorizontalScrollView index="0" package="com.google.android.youtube" class="android.widget.HorizontalScrollView" text="" resource-id="com.google.android.youtube:id/pivot_bar" checkable="false" checked="false" clickable="false" enabled="true" focusable="true" focused="false" long-clickable="false" password="false" scrollable="false" selected="false" bounds="[0,1086][768,1182]" displayed="true"&gt;
                      &lt;android.widget.LinearLayout index="0" package="com.google.android.youtube" class="android.widget.LinearLayout" text="" checkable="false" checked="false" clickable="false" enabled="true" focusable="false" focused="false" long-clickable="false" password="false" scrollable="false" selected="false" bounds="[0,1086][768,1182]" displayed="true"&gt;
                        &lt;android.widget.Button index="0" package="com.google.android.youtube" class="android.widget.Button" text="" content-desc="Home" checkable="false" checked="false" clickable="true" enabled="true" focusable="true" focused="false" long-clickable="false" password="false" scrollable="false" selected="true" bounds="[0,1086][153,1182]" displayed="true"&gt;
                          &lt;android.widget.ImageView index="0" package="com.google.android.youtube" class="android.widget.ImageView" text="" resource-id="com.google.android.youtube:id/image" checkable="false" checked="false" clickable="false" enabled="true" focusable="false" focused="false" long-clickable="false" password="false" scrollable="false" selected="true" bounds="[53,1096][101,1144]" displayed="true" /&gt;
                          &lt;android.widget.TextView index="1" package="com.google.android.youtube" class="android.widget.TextView" text="Home" resource-id="com.google.android.youtube:id/text" checkable="false" checked="false" clickable="false" enabled="true" focusable="false" focused="false" long-clickable="false" password="false" scrollable="false" selected="true" bounds="[48,1148][106,1172]" displayed="true" /&gt;
                        &lt;/android.widget.Button&gt;
                        &lt;android.widget.Button index="1" package="com.google.android.youtube" class="android.widget.Button" text="" content-desc="Trending" checkable="false" checked="false" clickable="true" enabled="true" focusable="true" focused="false" long-clickable="false" password="false" scrollable="false" selected="false" bounds="[153,1086][306,1182]" displayed="true"&gt;
                          &lt;android.widget.ImageView index="0" package="com.google.android.youtube" class="android.widget.ImageView" text="" resource-id="com.google.android.youtube:id/image" checkable="false" checked="false" clickable="false" enabled="true" focusable="false" focused="false" long-clickable="false" password="false" scrollable="false" selected="false" bounds="[206,1096][254,1144]" displayed="true" /&gt;
                          &lt;android.widget.TextView index="1" package="com.google.android.youtube" class="android.widget.TextView" text="Trending" resource-id="com.google.android.youtube:id/text" checkable="false" checked="false" clickable="false" enabled="true" focusable="false" focused="false" long-clickable="false" password="false" scrollable="false" selected="false" bounds="[189,1148][271,1172]" displayed="true" /&gt;
                        &lt;/android.widget.Button&gt;
                        &lt;android.widget.Button index="2" package="com.google.android.youtube" class="android.widget.Button" text="" content-desc="Subscriptions" checkable="false" checked="false" clickable="true" enabled="true" focusable="true" focused="false" long-clickable="false" password="false" scrollable="false" selected="false" bounds="[306,1086][460,1182]" displayed="true"&gt;
                          &lt;android.widget.ImageView index="0" package="com.google.android.youtube" class="android.widget.ImageView" text="" resource-id="com.google.android.youtube:id/image" checkable="false" checked="false" clickable="false" enabled="true" focusable="false" focused="false" long-clickable="false" password="false" scrollable="false" selected="false" bounds="[359,1096][407,1144]" displayed="true" /&gt;
                          &lt;android.widget.TextView index="1" package="com.google.android.youtube" class="android.widget.TextView" text="Subscriptions" resource-id="com.google.android.youtube:id/text" checkable="false" checked="false" clickable="false" enabled="true" focusable="false" focused="false" long-clickable="false" password="false" scrollable="false" selected="false" bounds="[321,1148][446,1172]" displayed="true" /&gt;
                        &lt;/android.widget.Button&gt;
                        &lt;android.widget.Button index="3" package="com.google.android.youtube" class="android.widget.Button" text="" content-desc="Notifications" checkable="false" checked="false" clickable="true" enabled="true" focusable="true" focused="false" long-clickable="false" password="false" scrollable="false" selected="false" bounds="[460,1086][614,1182]" displayed="true"&gt;
                          &lt;android.widget.ImageView index="0" package="com.google.android.youtube" class="android.widget.ImageView" text="" resource-id="com.google.android.youtube:id/image" checkable="false" checked="false" clickable="false" enabled="true" focusable="false" focused="false" long-clickable="false" password="false" scrollable="false" selected="false" bounds="[513,1096][561,1144]" displayed="true" /&gt;
                          &lt;android.widget.TextView index="1" package="com.google.android.youtube" class="android.widget.TextView" text="Notifications" resource-id="com.google.android.youtube:id/text" checkable="false" checked="false" clickable="false" enabled="true" focusable="false" focused="false" long-clickable="false" password="false" scrollable="false" selected="false" bounds="[479,1148][596,1172]" displayed="true" /&gt;
                        &lt;/android.widget.Button&gt;
                        &lt;android.widget.Button index="4" package="com.google.android.youtube" class="android.widget.Button" text="" content-desc="Library" checkable="false" checked="false" clickable="true" enabled="true" focusable="true" focused="false" long-clickable="false" password="false" scrollable="false" selected="false" bounds="[614,1086][768,1182]" displayed="true"&gt;
                          &lt;android.widget.ImageView index="0" package="com.google.android.youtube" class="android.widget.ImageView" text="" resource-id="com.google.android.youtube:id/image" checkable="false" checked="false" clickable="false" enabled="true" focusable="false" focused="false" long-clickable="false" password="false" scrollable="false" selected="false" bounds="[667,1096][715,1144]" displayed="true" /&gt;
                          &lt;android.widget.TextView index="1" package="com.google.android.youtube" class="android.widget.TextView" text="Library" resource-id="com.google.android.youtube:id/text" checkable="false" checked="false" clickable="false" enabled="true" focusable="false" focused="false" long-clickable="false" password="false" scrollable="false" selected="false" bounds="[659,1148][724,1172]" displayed="true" /&gt;
                        &lt;/android.widget.Button&gt;
                      &lt;/android.widget.LinearLayout&gt;
                    &lt;/android.widget.HorizontalScrollView&gt;
                  &lt;/android.widget.LinearLayout&gt;
                &lt;/android.widget.FrameLayout&gt;
              &lt;/android.widget.FrameLayout&gt;
            &lt;/android.view.ViewGroup&gt;
          &lt;/android.widget.FrameLayout&gt;
        &lt;/android.widget.LinearLayout&gt;
      &lt;/android.widget.FrameLayout&gt;
    &lt;/android.widget.LinearLayout&gt;
  &lt;/android.widget.FrameLayout&gt;
&lt;/hierarchy&gt;</msg>
<kw name="Capture Page Screenshot" library="AppiumLibrary">
<doc>Takes a screenshot of the current page and embeds it into the log.</doc>
<msg timestamp="20210707 22:27:16.805" level="INFO" html="true">&lt;/td&gt;&lt;/tr&gt;&lt;tr&gt;&lt;td colspan="3"&gt;&lt;a href="appium-screenshot-1.png"&gt;&lt;img src="appium-screenshot-1.png" width="800px"&gt;&lt;/a&gt;</msg>
<status status="PASS" starttime="20210707 22:27:15.214" endtime="20210707 22:27:16.805"/>
</kw>
<msg timestamp="20210707 22:27:16.807" level="FAIL">Element locator 'channel_name' did not match any elements after 5 seconds</msg>
<status status="FAIL" starttime="20210707 22:27:08.315" endtime="20210707 22:27:16.807"/>
</kw>
<kw name="Click Element" library="AppiumLibrary">
<arg>${CHANNEL_NAME}</arg>
<doc>Click element identified by `locator`.</doc>
<status status="NOT RUN" starttime="20210707 22:27:16.808" endtime="20210707 22:27:16.808"/>
</kw>
<status status="FAIL" starttime="20210707 22:27:08.314" endtime="20210707 22:27:16.808"/>
</kw>
<kw name="Navegar pelo menu Playlist" library="resource_mobile">
<status status="NOT RUN" starttime="20210707 22:27:16.823" endtime="20210707 22:27:16.823"/>
</kw>
<kw name="Selecionar a playlist da E3 do canal" library="resource_mobile">
<status status="NOT RUN" starttime="20210707 22:27:16.823" endtime="20210707 22:27:16.823"/>
</kw>
<kw name="Navegar por todos os botões da barra de Menus(Home, Explorar...) do YouTube" library="resource_mobile">
<status status="NOT RUN" starttime="20210707 22:27:16.824" endtime="20210707 22:27:16.824"/>
</kw>
<status status="FAIL" starttime="20210707 22:27:02.111" endtime="20210707 22:27:16.825">Element locator 'channel_name' did not match any elements after 5 seconds</status>
</test>
<doc>arquivo responsavel pelos testes do mobile testing App: YouTube</doc>
<status status="FAIL" starttime="20210707 22:26:35.694" endtime="20210707 22:27:16.828"/>
</suite>
<status status="FAIL" starttime="20210707 22:26:35.598" endtime="20210707 22:27:16.840"/>
</suite>
<statistics>
<total>
<stat pass="0" fail="1" skip="0">All Tests</stat>
</total>
<tag>
</tag>
<suite>
<stat pass="0" fail="1" skip="0" id="s1" name="Mobile Testing">Mobile Testing</stat>
<stat pass="0" fail="1" skip="0" id="s1-s1" name="Mobile Test">Mobile Testing.Mobile Test</stat>
</suite>
</statistics>
<errors>
</errors>
</robot>
