<?xml version="1.0" encoding="UTF-8"?>
<robot generator="Robot 4.0.3 (Python 3.9.6 on win32)" generated="20210708 14:56:52.779" rpa="false" schemaversion="2">
<suite id="s1" name="Web Test" source="C:\Users\Vinicius\Documents\projetos\PrimeExperts_junho_28_2021\web_testing\web_test.robot">
<kw name="Abrir o navegador" library="resource_web" type="SETUP">
<kw name="Open Browser" library="SeleniumLibrary">
<arg>browser=Chrome</arg>
<doc>Opens a new browser instance to the optional ``url``.</doc>
<msg timestamp="20210708 14:56:53.407" level="INFO">Opening browser 'Chrome' to base url 'None'.</msg>
<status status="PASS" starttime="20210708 14:56:53.407" endtime="20210708 14:57:02.817"/>
</kw>
<status status="PASS" starttime="20210708 14:56:53.406" endtime="20210708 14:57:02.817"/>
</kw>
<test id="s1-t1" name="Caso de Teste 01: Pesquisar produto existente">
<kw name="Acessar a página home do site Automation Practice" library="resource_web">
<kw name="Go To" library="SeleniumLibrary">
<arg>${URL}</arg>
<doc>Navigates the current browser window to the provided ``url``.</doc>
<msg timestamp="20210708 14:57:02.819" level="INFO">Opening url 'http://automationpractice.com'</msg>
<status status="PASS" starttime="20210708 14:57:02.819" endtime="20210708 14:57:11.565"/>
</kw>
<status status="PASS" starttime="20210708 14:57:02.818" endtime="20210708 14:57:11.565"/>
</kw>
<kw name="Digitar o nome do produto &quot;Blouse&quot; no campo de pesquisa" library="resource_web" sourcename="Digitar o nome do produto &quot;${produto}&quot; no campo de pesquisa">
<kw name="Wait Until Element Is Visible" library="SeleniumLibrary">
<arg>id:search_query_top</arg>
<doc>Waits until the element ``locator`` is visible.</doc>
<status status="PASS" starttime="20210708 14:57:11.567" endtime="20210708 14:57:11.664"/>
</kw>
<kw name="Input Text" library="SeleniumLibrary">
<arg>id:search_query_top</arg>
<arg>${produto}</arg>
<doc>Types the given ``text`` into the text field identified by ``locator``.</doc>
<msg timestamp="20210708 14:57:11.666" level="INFO">Typing text 'Blouse' into text field 'id:search_query_top'.</msg>
<status status="PASS" starttime="20210708 14:57:11.665" endtime="20210708 14:57:12.131"/>
</kw>
<status status="PASS" starttime="20210708 14:57:11.566" endtime="20210708 14:57:12.131"/>
</kw>
<kw name="Clicar no botão pesquisar" library="resource_web">
<kw name="Click Button" library="SeleniumLibrary">
<arg>name:submit_search</arg>
<doc>Clicks the button identified by ``locator``.</doc>
<msg timestamp="20210708 14:57:12.133" level="INFO">Clicking button 'name:submit_search'.</msg>
<status status="PASS" starttime="20210708 14:57:12.132" endtime="20210708 14:57:13.459"/>
</kw>
<status status="PASS" starttime="20210708 14:57:12.132" endtime="20210708 14:57:13.459"/>
</kw>
<kw name="Conferir se o produto &quot;Blouse&quot; foi listado no site" library="resource_web" sourcename="Conferir se o produto &quot;${produto}&quot; foi listado no site">
<kw name="Wait Until Element Is Visible" library="SeleniumLibrary">
<arg>//h5[@itemprop='name'][contains(.,'Blouse')]</arg>
<doc>Waits until the element ``locator`` is visible.</doc>
<status status="PASS" starttime="20210708 14:57:13.462" endtime="20210708 14:57:13.498"/>
</kw>
<kw name="Element Text Should Be" library="SeleniumLibrary">
<arg>//h5[@itemprop='name'][contains(.,'Blouse')]</arg>
<arg>${produto}</arg>
<doc>Verifies that element ``locator`` contains exact the text ``expected``.</doc>
<msg timestamp="20210708 14:57:13.498" level="INFO">Verifying element '//h5[@itemprop='name'][contains(.,'Blouse')]' contains exact text 'Blouse'.</msg>
<status status="PASS" starttime="20210708 14:57:13.498" endtime="20210708 14:57:13.521"/>
</kw>
<status status="PASS" starttime="20210708 14:57:13.461" endtime="20210708 14:57:13.521"/>
</kw>
<kw name="Conferir sugestao de palavras na busca" library="resource_web">
<kw name="Input Text" library="SeleniumLibrary">
<arg>id:search_query_top</arg>
<arg>blo</arg>
<doc>Types the given ``text`` into the text field identified by ``locator``.</doc>
<msg timestamp="20210708 14:57:13.523" level="INFO">Typing text 'blo' into text field 'id:search_query_top'.</msg>
<status status="PASS" starttime="20210708 14:57:13.522" endtime="20210708 14:57:13.626"/>
</kw>
<kw name="Click Element" library="SeleniumLibrary">
<arg>id:search_query_top</arg>
<doc>Click the element identified by ``locator``.</doc>
<msg timestamp="20210708 14:57:13.627" level="INFO">Clicking element 'id:search_query_top'.</msg>
<status status="PASS" starttime="20210708 14:57:13.626" endtime="20210708 14:57:13.678"/>
</kw>
<kw name="Wait Until Element Is Visible" library="SeleniumLibrary">
<arg>//li[@class='ac_even ac_over'][contains(text(),'Blouses')]</arg>
<arg>15</arg>
<doc>Waits until the element ``locator`` is visible.</doc>
<msg timestamp="20210708 14:57:29.645" level="INFO" html="true">&lt;/td&gt;&lt;/tr&gt;&lt;tr&gt;&lt;td colspan="3"&gt;&lt;a href="selenium-screenshot-2.png"&gt;&lt;img src="selenium-screenshot-2.png" width="800px"&gt;&lt;/a&gt;</msg>
<msg timestamp="20210708 14:57:29.807" level="FAIL">Element '//li[@class='ac_even ac_over'][contains(text(),'Blouses')]' not visible after 15 seconds.</msg>
<status status="FAIL" starttime="20210708 14:57:13.678" endtime="20210708 14:57:29.807"/>
</kw>
<kw name="Click Element" library="SeleniumLibrary">
<arg>//li[@class='ac_even ac_over'][contains(text(),'Blouses')]</arg>
<doc>Click the element identified by ``locator``.</doc>
<status status="NOT RUN" starttime="20210708 14:57:29.807" endtime="20210708 14:57:29.808"/>
</kw>
<status status="FAIL" starttime="20210708 14:57:13.521" endtime="20210708 14:57:29.808"/>
</kw>
<status status="FAIL" starttime="20210708 14:57:02.817" endtime="20210708 14:57:29.809">Element '//li[@class='ac_even ac_over'][contains(text(),'Blouses')]' not visible after 15 seconds.</status>
</test>
<kw name="Fechar o navegador" library="resource_web" type="TEARDOWN">
<kw name="Close Browser" library="SeleniumLibrary">
<doc>Closes the current browser.</doc>
<status status="PASS" starttime="20210708 14:57:29.812" endtime="20210708 14:57:32.294"/>
</kw>
<status status="PASS" starttime="20210708 14:57:29.811" endtime="20210708 14:57:32.294"/>
</kw>
<doc>teste case web</doc>
<status status="FAIL" starttime="20210708 14:56:52.781" endtime="20210708 14:57:32.294"/>
</suite>
<statistics>
<total>
<stat pass="0" fail="1" skip="0">All Tests</stat>
</total>
<tag>
</tag>
<suite>
<stat pass="0" fail="1" skip="0" id="s1" name="Web Test">Web Test</stat>
</suite>
</statistics>
<errors>
</errors>
</robot>
