<?xml version="1.0" encoding="UTF-8"?>
<robot generator="Robot 4.0.3 (Python 3.9.5 on win32)" generated="20210629 22:01:14.106" rpa="false" schemaversion="2">
<suite id="s1" name="Variables" source="d:\Backup-organizado\Trabalho-Projetos\Prime\PrimeExperts\aula_web\PrimeExperts_junho_28_2021\variables">
<suite id="s1-s1" name="Teste Variaveis" source="d:\Backup-organizado\Trabalho-Projetos\Prime\PrimeExperts\aula_web\PrimeExperts_junho_28_2021\variables\teste_variaveis.robot">
<test id="s1-s1-t1" name="Meu teste imprimindo uma lista de FRUTAS">
<kw name="Logar no meu terminal uma lista de FRUTAS">
<kw name="Set Suite Variable" library="BuiltIn">
<arg>${nova_fruta}</arg>
<arg>morango</arg>
<doc>Makes a variable available everywhere within the scope of the current suite.</doc>
<msg timestamp="20210629 22:01:14.140" level="INFO">${nova_fruta} = morango</msg>
<status status="PASS" starttime="20210629 22:01:14.140" endtime="20210629 22:01:14.141"/>
</kw>
<kw name="Set Variable" library="BuiltIn">
<var>${nova_fruta2}</var>
<arg>uva</arg>
<doc>Returns the given values which can then be assigned to a variables.</doc>
<msg timestamp="20210629 22:01:14.141" level="INFO">${nova_fruta2} = uva</msg>
<status status="PASS" starttime="20210629 22:01:14.141" endtime="20210629 22:01:14.141"/>
</kw>
<kw name="Log To Console" library="BuiltIn">
<arg>${\n}</arg>
<doc>Logs the given message to the console.</doc>
<status status="PASS" starttime="20210629 22:01:14.141" endtime="20210629 22:01:14.141"/>
</kw>
<kw name="Log To Console" library="BuiltIn">
<arg>${FRUTAS} ${nova_fruta} ${nova_fruta2}</arg>
<doc>Logs the given message to the console.</doc>
<status status="PASS" starttime="20210629 22:01:14.141" endtime="20210629 22:01:14.142"/>
</kw>
<kw name="Log Many" library="BuiltIn">
<arg>${FRUTAS}</arg>
<doc>Logs the given messages as separate entries using the INFO level.</doc>
<msg timestamp="20210629 22:01:14.142" level="INFO">['banana', 'maca', 'laranja']</msg>
<status status="PASS" starttime="20210629 22:01:14.142" endtime="20210629 22:01:14.142"/>
</kw>
<kw name="Log To Console" library="BuiltIn">
<arg>${nova_fruta} ${nova_fruta2}</arg>
<doc>Logs the given message to the console.</doc>
<status status="PASS" starttime="20210629 22:01:14.142" endtime="20210629 22:01:14.142"/>
</kw>
<status status="PASS" starttime="20210629 22:01:14.139" endtime="20210629 22:01:14.143"/>
</kw>
<status status="PASS" starttime="20210629 22:01:14.139" endtime="20210629 22:01:14.143"/>
</test>
<test id="s1-s1-t2" name="Meu teste de impressao de mensagem no terminal">
<kw name="Logar no terminal uma mensagem">
<kw name="Log To Console" library="BuiltIn">
<arg>${nova_fruta}</arg>
<doc>Logs the given message to the console.</doc>
<status status="PASS" starttime="20210629 22:01:14.144" endtime="20210629 22:01:14.145"/>
</kw>
<kw name="Log To Console" library="BuiltIn">
<arg>${PESSOA}</arg>
<doc>Logs the given message to the console.</doc>
<status status="PASS" starttime="20210629 22:01:14.145" endtime="20210629 22:01:14.146"/>
</kw>
<kw name="Log To Console" library="BuiltIn">
<arg>${\n}</arg>
<doc>Logs the given message to the console.</doc>
<status status="PASS" starttime="20210629 22:01:14.146" endtime="20210629 22:01:14.147"/>
</kw>
<kw name="Log To Console" library="BuiltIn">
<arg>${MENSAGEM}</arg>
<doc>Logs the given message to the console.</doc>
<status status="PASS" starttime="20210629 22:01:14.147" endtime="20210629 22:01:14.147"/>
</kw>
<status status="PASS" starttime="20210629 22:01:14.144" endtime="20210629 22:01:14.148"/>
</kw>
<status status="PASS" starttime="20210629 22:01:14.144" endtime="20210629 22:01:14.148"/>
</test>
<test id="s1-s1-t3" name="Meu teste imprimindo um dicionario de Pessoa">
<kw name="Logar no meu terminal uma PESSOA">
<kw name="Log To Console" library="BuiltIn">
<arg>${\n}</arg>
<doc>Logs the given message to the console.</doc>
<status status="PASS" starttime="20210629 22:01:14.149" endtime="20210629 22:01:14.150"/>
</kw>
<kw name="Log To Console" library="BuiltIn">
<arg>${PESSOA}</arg>
<doc>Logs the given message to the console.</doc>
<status status="PASS" starttime="20210629 22:01:14.150" endtime="20210629 22:01:14.150"/>
</kw>
<kw name="Log To Console" library="BuiltIn">
<arg>${\n}</arg>
<doc>Logs the given message to the console.</doc>
<status status="PASS" starttime="20210629 22:01:14.150" endtime="20210629 22:01:14.151"/>
</kw>
<kw name="Log To Console" library="BuiltIn">
<arg>${PESSOA.nome} ${PESSOA.sobrenome} ${PESSOA.idade} anos!</arg>
<doc>Logs the given message to the console.</doc>
<status status="PASS" starttime="20210629 22:01:14.151" endtime="20210629 22:01:14.152"/>
</kw>
<status status="PASS" starttime="20210629 22:01:14.149" endtime="20210629 22:01:14.152"/>
</kw>
<status status="PASS" starttime="20210629 22:01:14.149" endtime="20210629 22:01:14.152"/>
</test>
<doc>Meu teste de variaveis</doc>
<status status="PASS" starttime="20210629 22:01:14.129" endtime="20210629 22:01:14.154"/>
</suite>
<status status="PASS" starttime="20210629 22:01:14.107" endtime="20210629 22:01:14.155"/>
</suite>
<statistics>
<total>
<stat pass="3" fail="0" skip="0">All Tests</stat>
</total>
<tag>
</tag>
<suite>
<stat pass="3" fail="0" skip="0" id="s1" name="Variables">Variables</stat>
<stat pass="3" fail="0" skip="0" id="s1-s1" name="Teste Variaveis">Variables.Teste Variaveis</stat>
</suite>
</statistics>
<errors>
</errors>
</robot>
