<?xml version="1.0" encoding="UTF-8"?>
<robot generator="Robot 4.0.3 (Python 3.9.5 on win32)" generated="20210630 19:46:09.212" rpa="false" schemaversion="2">
<suite id="s1" name="For" source="d:\Backup-organizado\Trabalho-Projetos\Prime\PrimeExperts\aula_web\PrimeExperts_junho_28_2021\for">
<suite id="s1-s1" name="For" source="d:\Backup-organizado\Trabalho-Projetos\Prime\PrimeExperts\aula_web\PrimeExperts_junho_28_2021\for\for.robot">
<test id="s1-s1-t1" name="contando ate 9">
<kw name="Contar">
<arg>1</arg>
<arg>9</arg>
<for flavor="IN RANGE">
<var>${count}</var>
<value>${num_inicial}</value>
<value>${num_final}</value>
<iter>
<var name="${count}">1</var>
<kw name="Log To Console" library="BuiltIn">
<arg>${\n}Estou no numero: ${count}</arg>
<doc>Logs the given message to the console.</doc>
<status status="PASS" starttime="20210630 19:46:09.255" endtime="20210630 19:46:09.255"/>
</kw>
<status status="PASS" starttime="20210630 19:46:09.255" endtime="20210630 19:46:09.255"/>
</iter>
<iter>
<var name="${count}">2</var>
<kw name="Log To Console" library="BuiltIn">
<arg>${\n}Estou no numero: ${count}</arg>
<doc>Logs the given message to the console.</doc>
<status status="PASS" starttime="20210630 19:46:09.255" endtime="20210630 19:46:09.256"/>
</kw>
<status status="PASS" starttime="20210630 19:46:09.255" endtime="20210630 19:46:09.256"/>
</iter>
<iter>
<var name="${count}">3</var>
<kw name="Log To Console" library="BuiltIn">
<arg>${\n}Estou no numero: ${count}</arg>
<doc>Logs the given message to the console.</doc>
<status status="PASS" starttime="20210630 19:46:09.256" endtime="20210630 19:46:09.256"/>
</kw>
<status status="PASS" starttime="20210630 19:46:09.256" endtime="20210630 19:46:09.256"/>
</iter>
<iter>
<var name="${count}">4</var>
<kw name="Log To Console" library="BuiltIn">
<arg>${\n}Estou no numero: ${count}</arg>
<doc>Logs the given message to the console.</doc>
<status status="PASS" starttime="20210630 19:46:09.257" endtime="20210630 19:46:09.257"/>
</kw>
<status status="PASS" starttime="20210630 19:46:09.256" endtime="20210630 19:46:09.257"/>
</iter>
<iter>
<var name="${count}">5</var>
<kw name="Log To Console" library="BuiltIn">
<arg>${\n}Estou no numero: ${count}</arg>
<doc>Logs the given message to the console.</doc>
<status status="PASS" starttime="20210630 19:46:09.257" endtime="20210630 19:46:09.258"/>
</kw>
<status status="PASS" starttime="20210630 19:46:09.257" endtime="20210630 19:46:09.258"/>
</iter>
<iter>
<var name="${count}">6</var>
<kw name="Log To Console" library="BuiltIn">
<arg>${\n}Estou no numero: ${count}</arg>
<doc>Logs the given message to the console.</doc>
<status status="PASS" starttime="20210630 19:46:09.258" endtime="20210630 19:46:09.258"/>
</kw>
<status status="PASS" starttime="20210630 19:46:09.258" endtime="20210630 19:46:09.258"/>
</iter>
<iter>
<var name="${count}">7</var>
<kw name="Log To Console" library="BuiltIn">
<arg>${\n}Estou no numero: ${count}</arg>
<doc>Logs the given message to the console.</doc>
<status status="PASS" starttime="20210630 19:46:09.258" endtime="20210630 19:46:09.259"/>
</kw>
<status status="PASS" starttime="20210630 19:46:09.258" endtime="20210630 19:46:09.259"/>
</iter>
<iter>
<var name="${count}">8</var>
<kw name="Log To Console" library="BuiltIn">
<arg>${\n}Estou no numero: ${count}</arg>
<doc>Logs the given message to the console.</doc>
<status status="PASS" starttime="20210630 19:46:09.259" endtime="20210630 19:46:09.259"/>
</kw>
<status status="PASS" starttime="20210630 19:46:09.259" endtime="20210630 19:46:09.259"/>
</iter>
<status status="PASS" starttime="20210630 19:46:09.254" endtime="20210630 19:46:09.259"/>
</for>
<status status="PASS" starttime="20210630 19:46:09.254" endtime="20210630 19:46:09.259"/>
</kw>
<status status="PASS" starttime="20210630 19:46:09.253" endtime="20210630 19:46:09.260"/>
</test>
<doc>testando lacos(for) com robot</doc>
<status status="PASS" starttime="20210630 19:46:09.244" endtime="20210630 19:46:09.261"/>
</suite>
<status status="PASS" starttime="20210630 19:46:09.214" endtime="20210630 19:46:09.262"/>
</suite>
<statistics>
<total>
<stat pass="1" fail="0" skip="0">All Tests</stat>
</total>
<tag>
</tag>
<suite>
<stat pass="1" fail="0" skip="0" id="s1" name="For">For</stat>
<stat pass="1" fail="0" skip="0" id="s1-s1" name="For">For.For</stat>
</suite>
</statistics>
<errors>
</errors>
</robot>
