<?xml version="1.0" encoding="UTF-8"?>
<robot generator="Robot 4.0.3 (Python 3.9.5 on win32)" generated="20210630 21:27:16.330" rpa="false" schemaversion="2">
<suite id="s1" name="Argumentos Retornos" source="D:\Backup-organizado\Trabalho-Projetos\Prime\PrimeExperts\aula_web\PrimeExperts_junho_28_2021\argumentos_retornos">
<suite id="s1-s1" name="Argumentos Retornos" source="D:\Backup-organizado\Trabalho-Projetos\Prime\PrimeExperts\aula_web\PrimeExperts_junho_28_2021\argumentos_retornos\argumentos_retornos.robot">
<kw name="kw para executar no setup da Suite" type="SETUP">
<kw name="Log To Console" library="BuiltIn">
<arg>Essa KW foi executada no Setup da Suite</arg>
<doc>Logs the given message to the console.</doc>
<status status="PASS" starttime="20210630 21:27:16.365" endtime="20210630 21:27:16.365"/>
</kw>
<status status="PASS" starttime="20210630 21:27:16.365" endtime="20210630 21:27:16.365"/>
</kw>
<test id="s1-s1-t1" name="Meu teste de soma">
<kw name="kw para executar no setup de cada Teste" type="SETUP">
<kw name="Log To Console" library="BuiltIn">
<arg>Essa KW foi executada no setup de cada Teste</arg>
<doc>Logs the given message to the console.</doc>
<status status="PASS" starttime="20210630 21:27:16.366" endtime="20210630 21:27:16.366"/>
</kw>
<status status="PASS" starttime="20210630 21:27:16.366" endtime="20210630 21:27:16.366"/>
</kw>
<kw name="somar dois numeros">
<var>${resultado_da_soma}</var>
<arg>1</arg>
<arg>2</arg>
<kw name="Evaluate" library="BuiltIn">
<var>${resultado_da_expressao}</var>
<arg>${primeiro_num}+${segundo_num}</arg>
<doc>Evaluates the given expression in Python and returns the result.</doc>
<msg timestamp="20210630 21:27:16.367" level="INFO">${resultado_da_expressao} = 3</msg>
<status status="PASS" starttime="20210630 21:27:16.367" endtime="20210630 21:27:16.367"/>
</kw>
<kw name="Log To Console" library="BuiltIn">
<arg>${\n}O resultado é: ${resultado_da_expressao}</arg>
<doc>Logs the given message to the console.</doc>
<status status="PASS" starttime="20210630 21:27:16.367" endtime="20210630 21:27:16.368"/>
</kw>
<msg timestamp="20210630 21:27:16.368" level="INFO">${resultado_da_soma} = 3</msg>
<status status="PASS" starttime="20210630 21:27:16.367" endtime="20210630 21:27:16.368"/>
</kw>
<kw name="Log" library="BuiltIn">
<arg>${resultado_da_soma}</arg>
<doc>Logs the given message with the given level.</doc>
<msg timestamp="20210630 21:27:16.368" level="INFO">3</msg>
<status status="PASS" starttime="20210630 21:27:16.368" endtime="20210630 21:27:16.368"/>
</kw>
<kw name="somar dois numeros">
<var>${resultado_da_soma}</var>
<arg>${resultado_da_soma}</arg>
<arg>4</arg>
<kw name="Evaluate" library="BuiltIn">
<var>${resultado_da_expressao}</var>
<arg>${primeiro_num}+${segundo_num}</arg>
<doc>Evaluates the given expression in Python and returns the result.</doc>
<msg timestamp="20210630 21:27:16.369" level="INFO">${resultado_da_expressao} = 7</msg>
<status status="PASS" starttime="20210630 21:27:16.369" endtime="20210630 21:27:16.369"/>
</kw>
<kw name="Log To Console" library="BuiltIn">
<arg>${\n}O resultado é: ${resultado_da_expressao}</arg>
<doc>Logs the given message to the console.</doc>
<status status="PASS" starttime="20210630 21:27:16.369" endtime="20210630 21:27:16.370"/>
</kw>
<msg timestamp="20210630 21:27:16.370" level="INFO">${resultado_da_soma} = 7</msg>
<status status="PASS" starttime="20210630 21:27:16.369" endtime="20210630 21:27:16.370"/>
</kw>
<kw name="Log" library="BuiltIn">
<arg>${resultado_da_soma}</arg>
<doc>Logs the given message with the given level.</doc>
<msg timestamp="20210630 21:27:16.370" level="INFO">7</msg>
<status status="PASS" starttime="20210630 21:27:16.370" endtime="20210630 21:27:16.370"/>
</kw>
<kw name="kw para executar no Teardown de cada Teste" type="TEARDOWN">
<kw name="Log To Console" library="BuiltIn">
<arg>Essa KW foi executada no Teardown deste Teste!</arg>
<doc>Logs the given message to the console.</doc>
<status status="PASS" starttime="20210630 21:27:16.371" endtime="20210630 21:27:16.371"/>
</kw>
<status status="PASS" starttime="20210630 21:27:16.371" endtime="20210630 21:27:16.371"/>
</kw>
<status status="PASS" starttime="20210630 21:27:16.365" endtime="20210630 21:27:16.372"/>
</test>
<test id="s1-s1-t2" name="Meu teste de soma 2">
<kw name="kw para executar no setup de cada Teste" type="SETUP">
<kw name="Log To Console" library="BuiltIn">
<arg>Essa KW foi executada no setup de cada Teste</arg>
<doc>Logs the given message to the console.</doc>
<status status="PASS" starttime="20210630 21:27:16.373" endtime="20210630 21:27:16.373"/>
</kw>
<status status="PASS" starttime="20210630 21:27:16.372" endtime="20210630 21:27:16.373"/>
</kw>
<kw name="somar dois numeros">
<arg>3</arg>
<arg>4</arg>
<kw name="Evaluate" library="BuiltIn">
<var>${resultado_da_expressao}</var>
<arg>${primeiro_num}+${segundo_num}</arg>
<doc>Evaluates the given expression in Python and returns the result.</doc>
<msg timestamp="20210630 21:27:16.374" level="INFO">${resultado_da_expressao} = 7</msg>
<status status="PASS" starttime="20210630 21:27:16.374" endtime="20210630 21:27:16.374"/>
</kw>
<kw name="Log To Console" library="BuiltIn">
<arg>${\n}O resultado é: ${resultado_da_expressao}</arg>
<doc>Logs the given message to the console.</doc>
<status status="PASS" starttime="20210630 21:27:16.374" endtime="20210630 21:27:16.374"/>
</kw>
<status status="PASS" starttime="20210630 21:27:16.373" endtime="20210630 21:27:16.375"/>
</kw>
<kw name="kw para executar no Teardown de cada Teste" type="TEARDOWN">
<kw name="Log To Console" library="BuiltIn">
<arg>Essa KW foi executada no Teardown deste Teste!</arg>
<doc>Logs the given message to the console.</doc>
<status status="PASS" starttime="20210630 21:27:16.375" endtime="20210630 21:27:16.375"/>
</kw>
<status status="PASS" starttime="20210630 21:27:16.375" endtime="20210630 21:27:16.375"/>
</kw>
<status status="PASS" starttime="20210630 21:27:16.372" endtime="20210630 21:27:16.376"/>
</test>
<kw name="kw para executar no Teardown da Suite" type="TEARDOWN">
<kw name="Log To Console" library="BuiltIn">
<arg>Essa KW foi executada no Teardown desta Suite!!!</arg>
<doc>Logs the given message to the console.</doc>
<status status="PASS" starttime="20210630 21:27:16.377" endtime="20210630 21:27:16.377"/>
</kw>
<status status="PASS" starttime="20210630 21:27:16.376" endtime="20210630 21:27:16.377"/>
</kw>
<doc>testando argumentos e retornos</doc>
<status status="PASS" starttime="20210630 21:27:16.356" endtime="20210630 21:27:16.377"/>
</suite>
<status status="PASS" starttime="20210630 21:27:16.332" endtime="20210630 21:27:16.378"/>
</suite>
<statistics>
<total>
<stat pass="2" fail="0" skip="0">All Tests</stat>
</total>
<tag>
</tag>
<suite>
<stat pass="2" fail="0" skip="0" id="s1" name="Argumentos Retornos">Argumentos Retornos</stat>
<stat pass="2" fail="0" skip="0" id="s1-s1" name="Argumentos Retornos">Argumentos Retornos.Argumentos Retornos</stat>
</suite>
</statistics>
<errors>
</errors>
</robot>
