<?xml version="1.0" encoding="UTF-8"?>
<robot generator="Robot 4.0.3 (Python 3.9.5 on win32)" generated="20210701 21:14:38.687" rpa="false" schemaversion="2">
<suite id="s1" name="Web Testing" source="D:\Backup-organizado\Trabalho-Projetos\Prime\PrimeExperts\aula_web\PrimeExperts_junho_28_2021\web_testing">
<suite id="s1-s1" name="Web Test" source="D:\Backup-organizado\Trabalho-Projetos\Prime\PrimeExperts\aula_web\PrimeExperts_junho_28_2021\web_testing\web_test.robot">
<kw name="Abrir o navegador" library="resource_web" type="SETUP">
<kw name="Open Browser" library="SeleniumLibrary">
<arg>browser=Chrome</arg>
<doc>Opens a new browser instance to the optional ``url``.</doc>
<msg timestamp="20210701 21:14:38.919" level="INFO">Opening browser 'Chrome' to base url 'None'.</msg>
<status status="PASS" starttime="20210701 21:14:38.919" endtime="20210701 21:14:40.116"/>
</kw>
<status status="PASS" starttime="20210701 21:14:38.919" endtime="20210701 21:14:40.116"/>
</kw>
<test id="s1-s1-t1" name="Caso de Teste 01: Pesquisar produto existente">
<kw name="Acessar a página home do site Automation Practice" library="resource_web">
<kw name="Go To" library="SeleniumLibrary">
<arg>${URL}</arg>
<doc>Navigates the current browser window to the provided ``url``.</doc>
<msg timestamp="20210701 21:14:40.119" level="INFO">Opening url 'http://automationpractice.com'</msg>
<status status="PASS" starttime="20210701 21:14:40.118" endtime="20210701 21:14:45.877"/>
</kw>
<status status="PASS" starttime="20210701 21:14:40.117" endtime="20210701 21:14:45.878"/>
</kw>
<kw name="Digitar o nome do produto &quot;Blouse&quot; no campo de pesquisa" library="resource_web" sourcename="Digitar o nome do produto &quot;${produto}&quot; no campo de pesquisa">
<kw name="Wait Until Element Is Visible" library="SeleniumLibrary">
<arg>id:search_query_top</arg>
<doc>Waits until the element ``locator`` is visible.</doc>
<status status="PASS" starttime="20210701 21:14:45.879" endtime="20210701 21:14:45.899"/>
</kw>
<kw name="Input Text" library="SeleniumLibrary">
<arg>id:search_query_top</arg>
<arg>${produto}</arg>
<doc>Types the given ``text`` into the text field identified by ``locator``.</doc>
<msg timestamp="20210701 21:14:45.900" level="INFO">Typing text 'Blouse' into text field 'id:search_query_top'.</msg>
<status status="PASS" starttime="20210701 21:14:45.900" endtime="20210701 21:14:45.966"/>
</kw>
<status status="PASS" starttime="20210701 21:14:45.878" endtime="20210701 21:14:45.966"/>
</kw>
<kw name="Clicar no botão pesquisar" library="resource_web">
<kw name="Click Button" library="SeleniumLibrary">
<arg>name:submit_search</arg>
<doc>Clicks the button identified by ``locator``.</doc>
<msg timestamp="20210701 21:14:45.967" level="INFO">Clicking button 'name:submit_search'.</msg>
<status status="PASS" starttime="20210701 21:14:45.967" endtime="20210701 21:14:48.413"/>
</kw>
<status status="PASS" starttime="20210701 21:14:45.966" endtime="20210701 21:14:48.413"/>
</kw>
<kw name="Conferir se o produto &quot;Blouse&quot; foi listado no site" library="resource_web" sourcename="Conferir se o produto &quot;${produto}&quot; foi listado no site">
<kw name="Wait Until Element Is Visible" library="SeleniumLibrary">
<arg>//h5[@itemprop='name'][contains(.,'Blouse')]</arg>
<doc>Waits until the element ``locator`` is visible.</doc>
<status status="PASS" starttime="20210701 21:14:48.414" endtime="20210701 21:14:48.434"/>
</kw>
<kw name="Element Text Should Be" library="SeleniumLibrary">
<arg>//h5[@itemprop='name'][contains(.,'Blouse')]</arg>
<arg>${produto}</arg>
<doc>Verifies that element ``locator`` contains exact the text ``expected``.</doc>
<msg timestamp="20210701 21:14:48.434" level="INFO">Verifying element '//h5[@itemprop='name'][contains(.,'Blouse')]' contains exact text 'Blouse'.</msg>
<status status="PASS" starttime="20210701 21:14:48.434" endtime="20210701 21:14:48.448"/>
</kw>
<status status="PASS" starttime="20210701 21:14:48.413" endtime="20210701 21:14:48.448"/>
</kw>
<kw name="Conferir sugestao de palavras na busca" library="resource_web">
<kw name="Input Text" library="SeleniumLibrary">
<arg>id:search_query_top</arg>
<arg>blo</arg>
<doc>Types the given ``text`` into the text field identified by ``locator``.</doc>
<msg timestamp="20210701 21:14:48.449" level="INFO">Typing text 'blo' into text field 'id:search_query_top'.</msg>
<status status="PASS" starttime="20210701 21:14:48.448" endtime="20210701 21:14:48.504"/>
</kw>
<kw name="Click Element" library="SeleniumLibrary">
<arg>id:search_query_top</arg>
<doc>Click the element identified by ``locator``.</doc>
<msg timestamp="20210701 21:14:48.504" level="INFO">Clicking element 'id:search_query_top'.</msg>
<status status="PASS" starttime="20210701 21:14:48.504" endtime="20210701 21:14:48.535"/>
</kw>
<kw name="Wait Until Element Is Visible" library="SeleniumLibrary">
<arg>//li[@class='ac_even ac_over'][contains(text(),'Blouses')]</arg>
<arg>15</arg>
<doc>Waits until the element ``locator`` is visible.</doc>
<kw name="Capture Page Screenshot" library="SeleniumLibrary">
<doc>Takes a screenshot of the current page and embeds it into a log file.</doc>
<msg timestamp="20210701 21:15:03.724" level="INFO" html="true">&lt;/td&gt;&lt;/tr&gt;&lt;tr&gt;&lt;td colspan="3"&gt;&lt;a href="selenium-screenshot-4.png"&gt;&lt;img src="selenium-screenshot-4.png" width="800px"&gt;&lt;/a&gt;</msg>
<status status="PASS" starttime="20210701 21:15:03.628" endtime="20210701 21:15:03.724"/>
</kw>
<msg timestamp="20210701 21:15:03.725" level="FAIL">Element '//li[@class='ac_even ac_over'][contains(text(),'Blouses')]' not visible after 15 seconds.</msg>
<status status="FAIL" starttime="20210701 21:14:48.535" endtime="20210701 21:15:03.726"/>
</kw>
<kw name="Click Element" library="SeleniumLibrary">
<arg>//li[@class='ac_even ac_over'][contains(text(),'Blouses')]</arg>
<doc>Click the element identified by ``locator``.</doc>
<status status="NOT RUN" starttime="20210701 21:15:03.726" endtime="20210701 21:15:03.726"/>
</kw>
<status status="FAIL" starttime="20210701 21:14:48.448" endtime="20210701 21:15:03.726"/>
</kw>
<status status="FAIL" starttime="20210701 21:14:40.116" endtime="20210701 21:15:03.726">Element '//li[@class='ac_even ac_over'][contains(text(),'Blouses')]' not visible after 15 seconds.</status>
</test>
<doc>teste case web</doc>
<status status="FAIL" starttime="20210701 21:14:38.714" endtime="20210701 21:15:03.728"/>
</suite>
<status status="FAIL" starttime="20210701 21:14:38.688" endtime="20210701 21:15:03.730"/>
</suite>
<statistics>
<total>
<stat pass="0" fail="1" skip="0">All Tests</stat>
</total>
<tag>
</tag>
<suite>
<stat pass="0" fail="1" skip="0" id="s1" name="Web Testing">Web Testing</stat>
<stat pass="0" fail="1" skip="0" id="s1-s1" name="Web Test">Web Testing.Web Test</stat>
</suite>
</statistics>
<errors>
</errors>
</robot>
